

<!DOCTYPE html>
<html>
<head>
<meta charset="UTF-8">
<meta name="viewport" content="width=device-width, initial-scale=1, shrink-to-fit=no">
<title></title>
<link rel="apple-touch-icon" href="https://cdn.jsdelivr.net/gh/extent-framework/extent-github-cdn@b00a2d0486596e73dd7326beacf352c639623a0e/commons/img/logo.png">
<link rel="shortcut icon" href="https://cdn.jsdelivr.net/gh/extent-framework/extent-github-cdn@b00a2d0486596e73dd7326beacf352c639623a0e/commons/img/logo.png">
<link href="https://cdn.jsdelivr.net/gh/extent-framework/extent-github-cdn@ce8b10435bcbae260c334c0d0c6b61d2c19b6168/spark/css/spark-style.css" rel="stylesheet" />
<link href="https://stackpath.bootstrapcdn.com/font-awesome/4.7.0/css/font-awesome.min.css" rel="stylesheet">
<script src="https://cdn.jsdelivr.net/gh/extent-framework/extent-github-cdn@7cc78ce/spark/js/jsontree.js"></script>
<style type="text/css"></style></head><body class="spa bdd-report standard">
  <div class="app">
    <div class="layout">
<div class="header navbar">
<div class="vheader">
<div class="nav-logo">
<a href="#">
<div class="logo" style="background-image: url('https://cdn.jsdelivr.net/gh/extent-framework/extent-github-cdn@b00a2d0486596e73dd7326beacf352c639623a0e/commons/img/logo.png')"></div>
</a>
</div>
<ul class="nav-left">
<li class="search-box">
<a class="search-toggle" href="#">
<i class="search-icon fa fa-search"></i>
<i class="search-icon-close fa fa-close"></i>
</a>
</li>
<li class="search-input"><input id="search-tests" class="form-control" type="text" placeholder="Search..."></li>
</ul>
<ul class="nav-right">
<li class="m-r-10">
<a href="#"><span class="badge badge-primary"></span></a>
</li>
<li class="m-r-10">
<a href="#"><span class="badge badge-primary">Sep 28, 2025 09:40:49 AM</span></a>
</li>
</ul>
</div>
</div><div class="side-nav">
<div class="side-nav-inner">
<ul class="side-nav-menu">
<li class="nav-item dropdown" onclick="toggleView('test-view')">
<a id="nav-test" class="dropdown-toggle" href="#">
<span class="ico"><i class="fa fa-list"></i></span>
</a>
</li>
<li class="nav-item dropdown" onclick="toggleView('exception-view')">
<a id="nav-exception" class="dropdown-toggle" href="#">
<span class="ico"><i class="fa fa-bug"></i></span>
</a>
</li>
<li class="nav-item dropdown" onclick="toggleView('category-view')">
<a id="nav-category" class="dropdown-toggle" href="#">
<span class="ico"><i class="fa fa-tag"></i></span>
</a>
</li>
<li class="nav-item dropdown" onclick="toggleView('dashboard-view')">
<a id="nav-dashboard" class="dropdown-toggle" href="#">
<span class="ico"><i class="fa fa-bar-chart"></i></span>
</a>
</li>
</ul>
</div>
</div>      <div class="vcontainer">
        <div class="main-content">
<div class="test-wrapper row view test-view">
  <div class="test-list">
    <div class="test-list-tools">
<ul class="tools pull-left">
<li><a href="#"><span class="font-size-14">Tests</span></a></li>
</ul>
<ul class="tools text-right">
<li class="dropdown">
<a href="#" class="dropdown-toggle" data-toggle="dropdown"><i class="fa fa-exclamation-circle"></i></a>
<ul id="status-toggle" class="dropdown-menu dropdown-md p-v-0">
<a class="dropdown-item" status="pass" href="#"><span>Pass</span><span class="status success"></span></a>
<a class="dropdown-item" status="fail" href="#"><span>Fail</span><span class="status danger"></span></a>
<div class="dropdown-divider"></div>
<a status="clear" class="dropdown-item" href="#"><span>Clear</span><span class="pull-right"><i class="fa fa-close"></i></span></a>
</ul>
</li>
<li class="dropdown">
<a href="#" class="dropdown-toggle" data-toggle="dropdown"><i class="fa fa-tag"></i></a>
<ul id="tag-toggle" class="dropdown-menu dropdown-md p-v-0">
<a class="dropdown-item" href="#">@google_search_data_table</a><a class="dropdown-item" href="#">@smoke</a><a class="dropdown-item" href="#">@google_search</a><a class="dropdown-item" href="#">@ListOfLists</a><a class="dropdown-item" href="#">@mapList</a><a class="dropdown-item" href="#">@google_search_outline</a><a class="dropdown-item" href="#">@listOfMap</a><a class="dropdown-item" href="#">@HomeWork</a><a class="dropdown-item" href="#">@dataTableLogin</a>
</ul>
</li>
</ul>
</div>    <div class="test-list-wrapper scrollable">
      <ul class="test-list-item">
        <li class="test-item"  status="pass" test-id="1"
          author=""
          tag=""
          device="">
          <div class="test-detail">
            <p class="name">WebOrders login and link validation</p>
            <p class="text-sm">
              <span>9:40:52 AM</span> / <span>00:00:24:618</span>
              <span class="badge pass-bg log float-right">Pass</span>
            </p>
          </div>
          <div class="test-contents d-none">
<div class="detail-head">
<div class="p-v-10">
<div class="info">
<h5 class="test-status text-pass">WebOrders login and link validation</h5>
<span class='badge badge-success'>09.28.2025 9:40:52 AM</span>
<span class='badge badge-danger'>09.28.2025 9:41:17 AM</span>
<span class='badge badge-default'>00:00:24:618</span>
&middot; <span class='uri-anchor badge badge-default'>#test-id=1</span>
<span title='Skip to the next failed step' class='badge badge-danger pointer float-right ne ml-1'><i class="fa fa-fast-forward"></i></span>
<span title='Collapse all nodes' class='badge badge-default pointer float-right ct ml-1'><i class="fa fa-compress"></i></span>
<span title='Expand all nodes' class='badge badge-default pointer float-right et'><i class="fa fa-expand"></i></span>
</div>
<div class="m-t-10 m-l-5"></div>
</div>
</div>
<div class="accordion mt-4">
  <div class="card">
    <div class="card-header" role="tab">
      <div class="card-title">
        <div class="node" id="2"><span class="badge log pass-bg mr-2">Pass</span>User logs ing and prints links</div>
      </div>
    </div>
        <div class="collapse">
          <div class="card-body">
              <div class="step pass-bg" title="io.loop.step_definitions.HW_WebOrdersStepDefs.user_is_on_web_orders_login_page()">
                <span>Given user is on WebOrders Login Page</span>
      <div>
      </div>
              </div>
              <div class="step pass-bg" title="io.loop.step_definitions.HW_WebOrdersStepDefs.user_logs_in_with_username_and_password(java.lang.String,java.lang.String)">
                <span>When user logs in with username "Tester" and password "test"</span>
      <div>
      </div>
              </div>
              <div class="step pass-bg" title="io.loop.step_definitions.HW_WebOrdersStepDefs.user_should_be_able_to_see_the_home_page()">
                <span>Then user should be able to see the home page</span>
      <div>
      </div>
              </div>
              <div class="step pass-bg" title="io.loop.step_definitions.HW_WebOrdersStepDefs.user_should_be_able_to_print_out_the_count_of_the_links()">
                <span>And user should be able to print out the count of the links</span>
      <div>
      </div>
              </div>
              <div class="step pass-bg" title="io.loop.step_definitions.HW_WebOrdersStepDefs.user_should_be_able_to_print_out_each_link_test()">
                <span>And user should be able to print out each link test</span>
      <div>
      </div>
              </div>
          </div>
        </div>
  </div>
</div>
          </div>
        </li>
        <li class="test-item"  status="fail" test-id="3"
          author=""
          tag=""
          device="">
          <div class="test-detail">
            <p class="name">Docuport Login Logout Feature</p>
            <p class="text-sm">
              <span>9:40:52 AM</span> / <span>00:01:29:593</span>
              <span class="badge fail-bg log float-right">Fail</span>
            </p>
          </div>
          <div class="test-contents d-none">
<div class="detail-head">
<div class="p-v-10">
<div class="info">
<h5 class="test-status text-fail">Docuport Login Logout Feature</h5>
<span class='badge badge-success'>09.28.2025 9:40:52 AM</span>
<span class='badge badge-danger'>09.28.2025 9:42:22 AM</span>
<span class='badge badge-default'>00:01:29:593</span>
&middot; <span class='uri-anchor badge badge-default'>#test-id=3</span>
<span title='Skip to the next failed step' class='badge badge-danger pointer float-right ne ml-1'><i class="fa fa-fast-forward"></i></span>
<span title='Collapse all nodes' class='badge badge-default pointer float-right ct ml-1'><i class="fa fa-compress"></i></span>
<span title='Expand all nodes' class='badge badge-default pointer float-right et'><i class="fa fa-expand"></i></span>
</div>
<div class="m-t-10 m-l-5"></div>
</div>
</div>
<div class="accordion mt-4">
  <div class="card">
    <div class="card-header" role="tab">
      <div class="card-title">
        <div class="node" id="4"><span class="badge log fail-bg mr-2">Fail</span>Login as a client</div>
          <div class="status-avatar float-right mr-4">
            <i class="fa fa-paperclip"></i>
          </div>
      </div>
    </div>
        <div class="">
          <div class="card-body">
              <div class="step pass-bg" title="io.loop.step_definitions.LoginStepDefs.user_is_on_docuport_login_page()">
                <span>Given user is on Docuport login page</span>
      <div>
      </div>
              </div>
              <div class="step pass-bg" title="io.loop.step_definitions.LoginStepDefs.user_enters_username_for_client()">
                <span>When user enters username for client</span>
      <div>
      </div>
              </div>
              <div class="step pass-bg" title="io.loop.step_definitions.LoginStepDefs.user_enters_password_for_client()">
                <span>And user enters password for client</span>
      <div>
      </div>
              </div>
              <div class="step pass-bg" title="io.loop.step_definitions.LoginStepDefs.user_clicks_login_button()">
                <span>And user clicks login button</span>
      <div>
      </div>
              </div>
              <div class="step fail-bg" title="io.loop.step_definitions.LoginStepDefs.user_should_be_able_to_see_the_home_page_for_client()">
                <span>Then user should be able to see the home page for client</span>
      <div>
        <textarea disabled class="code-block">java.lang.AssertionError: Home Page is not loaded
	at org.junit.Assert.fail(Assert.java:89)
	at org.junit.Assert.assertTrue(Assert.java:42)
	at io.loop.step_definitions.LoginStepDefs.user_should_be_able_to_see_the_home_page_for_client(LoginStepDefs.java:47)
	at ✽.user should be able to see the home page for client(file:///C:/Users/DELL/IdeaProjects/cucumber-project-b5/src/test/resources/features/LoginFeature.feature:12)
</textarea>
      
      </div>
              </div>
              <div class="step pass-bg" title="AFTER">
                <span>io.loop.step_definitions.Hook.tearDown(io.cucumber.java.Scenario)</span>
      <div>Login as a client
          <div class="row mb-3"><div class="col-md-3">
<img data-featherlight='../Screenshots/embedded1.png' src="../Screenshots/embedded1.png">
    
    </div></div>
</div>
      <div>
      </div>
              </div>
          </div>
        </div>
  </div>
  <div class="card">
    <div class="card-header" role="tab">
      <div class="card-title">
        <div class="node" id="30"><span class="badge log fail-bg mr-2">Fail</span>Login as a employee</div>
          <div class="status-avatar float-right mr-4">
            <i class="fa fa-paperclip"></i>
          </div>
      </div>
    </div>
        <div class="">
          <div class="card-body">
              <div class="step pass-bg" title="io.loop.step_definitions.LoginStepDefs.user_is_on_docuport_login_page()">
                <span>Given user is on Docuport login page</span>
      <div>
      </div>
              </div>
              <div class="step fail-bg" title="io.loop.step_definitions.LoginStepDefs.user_enters_username_for_employee()">
                <span>When user enters username for employee</span>
      <div>
        <textarea disabled class="code-block">org.openqa.selenium.NoSuchElementException: no such element: Unable to locate element: {"method":"xpath","selector":"//input[@type='text']"}
  (Session info: chrome=140.0.7339.207)
For documentation on this error, please visit: https://www.selenium.dev/documentation/webdriver/troubleshooting/errors#no-such-element-exception
Build info: version: '4.35.0', revision: '1c58e5028b'
System info: os.name: 'Windows 11', os.arch: 'amd64', os.version: '10.0', java.version: '19.0.2'
Driver info: org.openqa.selenium.chrome.ChromeDriver
Command: [f6ec475e1990dc7dd28b3a46919413b3, findElement {using=xpath, value=//input[@type='text']}]
Capabilities {acceptInsecureCerts: false, browserName: chrome, browserVersion: 140.0.7339.207, chrome: {chromedriverVersion: 140.0.7339.207 (17230b545fd..., userDataDir: C:\WINDOWS\SystemTemp\scope...}, fedcm:accounts: true, goog:chromeOptions: {debuggerAddress: localhost:53410}, networkConnectionEnabled: false, pageLoadStrategy: normal, platformName: windows, proxy: Proxy(), se:cdp: ws://localhost:53410/devtoo..., se:cdpVersion: 140.0.7339.207, setWindowRect: true, strictFileInteractability: false, timeouts: {implicit: 0, pageLoad: 300000, script: 30000}, unhandledPromptBehavior: dismiss and notify, webauthn:extension:credBlob: true, webauthn:extension:largeBlob: true, webauthn:extension:minPinLength: true, webauthn:extension:prf: true, webauthn:virtualAuthenticators: true}
Session ID: f6ec475e1990dc7dd28b3a46919413b3
	at java.base/jdk.internal.reflect.DirectConstructorHandleAccessor.newInstance(DirectConstructorHandleAccessor.java:67)
	at java.base/java.lang.reflect.Constructor.newInstanceWithCaller(Constructor.java:500)
	at java.base/java.lang.reflect.Constructor.newInstance(Constructor.java:484)
	at org.openqa.selenium.remote.ErrorCodec.decode(ErrorCodec.java:167)
	at org.openqa.selenium.remote.codec.w3c.W3CHttpResponseCodec.decode(W3CHttpResponseCodec.java:138)
	at org.openqa.selenium.remote.codec.w3c.W3CHttpResponseCodec.decode(W3CHttpResponseCodec.java:50)
	at org.openqa.selenium.remote.HttpCommandExecutor.execute(HttpCommandExecutor.java:215)
	at org.openqa.selenium.remote.service.DriverCommandExecutor.invokeExecute(DriverCommandExecutor.java:216)
	at org.openqa.selenium.remote.service.DriverCommandExecutor.execute(DriverCommandExecutor.java:174)
	at org.openqa.selenium.remote.RemoteWebDriver.execute(RemoteWebDriver.java:557)
	at org.openqa.selenium.remote.ElementLocation$ElementFinder$2.findElement(ElementLocation.java:165)
	at org.openqa.selenium.remote.ElementLocation.findElement(ElementLocation.java:59)
	at org.openqa.selenium.remote.RemoteWebDriver.findElement(RemoteWebDriver.java:380)
	at org.openqa.selenium.remote.RemoteWebDriver.findElement(RemoteWebDriver.java:374)
	at org.openqa.selenium.support.pagefactory.DefaultElementLocator.findElement(DefaultElementLocator.java:68)
	at org.openqa.selenium.support.pagefactory.internal.LocatingElementHandler.invoke(LocatingElementHandler.java:38)
	at jdk.proxy2/jdk.proxy2.$Proxy22.sendKeys(Unknown Source)
	at io.loop.step_definitions.LoginStepDefs.user_enters_username_for_employee(LoginStepDefs.java:51)
	at ✽.user enters username for employee(file:///C:/Users/DELL/IdeaProjects/cucumber-project-b5/src/test/resources/features/LoginFeature.feature:17)
</textarea>
      
      </div>
              </div>
              <div class="step skip-bg" title="io.loop.step_definitions.LoginStepDefs.user_enters_password_for_employee()">
                <span>And user enters password for employee</span>
      <div>Step skipped
      </div>
              </div>
              <div class="step skip-bg" title="io.loop.step_definitions.LoginStepDefs.user_clicks_login_button()">
                <span>And user clicks login button</span>
      <div>Step skipped
      </div>
              </div>
              <div class="step skip-bg" title="io.loop.step_definitions.LoginStepDefs.user_should_be_able_to_see_the_home_page_for_employee()">
                <span>Then user should be able to see the home page for employee</span>
      <div>Step skipped
      </div>
              </div>
              <div class="step pass-bg" title="AFTER">
                <span>io.loop.step_definitions.Hook.tearDown(io.cucumber.java.Scenario)</span>
      <div>Login as a employee
          <div class="row mb-3"><div class="col-md-3">
<img data-featherlight='../Screenshots/embedded4.png' src="../Screenshots/embedded4.png">
    
    </div></div>
</div>
      <div>
      </div>
              </div>
          </div>
        </div>
  </div>
  <div class="card">
    <div class="card-header" role="tab">
      <div class="card-title">
        <div class="node" id="52"><span class="badge log fail-bg mr-2">Fail</span>Login as a advisor</div>
          <div class="status-avatar float-right mr-4">
            <i class="fa fa-paperclip"></i>
          </div>
      </div>
    </div>
        <div class="">
          <div class="card-body">
              <div class="step pass-bg" title="io.loop.step_definitions.LoginStepDefs.user_is_on_docuport_login_page()">
                <span>Given user is on Docuport login page</span>
      <div>
      </div>
              </div>
              <div class="step fail-bg" title="io.loop.step_definitions.LoginStepDefs.user_enters_username_for_advisor()">
                <span>When user enters username for advisor</span>
      <div>
        <textarea disabled class="code-block">org.openqa.selenium.NoSuchElementException: no such element: Unable to locate element: {"method":"xpath","selector":"//input[@type='text']"}
  (Session info: chrome=140.0.7339.207)
For documentation on this error, please visit: https://www.selenium.dev/documentation/webdriver/troubleshooting/errors#no-such-element-exception
Build info: version: '4.35.0', revision: '1c58e5028b'
System info: os.name: 'Windows 11', os.arch: 'amd64', os.version: '10.0', java.version: '19.0.2'
Driver info: org.openqa.selenium.chrome.ChromeDriver
Command: [f6ec475e1990dc7dd28b3a46919413b3, findElement {using=xpath, value=//input[@type='text']}]
Capabilities {acceptInsecureCerts: false, browserName: chrome, browserVersion: 140.0.7339.207, chrome: {chromedriverVersion: 140.0.7339.207 (17230b545fd..., userDataDir: C:\WINDOWS\SystemTemp\scope...}, fedcm:accounts: true, goog:chromeOptions: {debuggerAddress: localhost:53410}, networkConnectionEnabled: false, pageLoadStrategy: normal, platformName: windows, proxy: Proxy(), se:cdp: ws://localhost:53410/devtoo..., se:cdpVersion: 140.0.7339.207, setWindowRect: true, strictFileInteractability: false, timeouts: {implicit: 0, pageLoad: 300000, script: 30000}, unhandledPromptBehavior: dismiss and notify, webauthn:extension:credBlob: true, webauthn:extension:largeBlob: true, webauthn:extension:minPinLength: true, webauthn:extension:prf: true, webauthn:virtualAuthenticators: true}
Session ID: f6ec475e1990dc7dd28b3a46919413b3
	at java.base/jdk.internal.reflect.DirectConstructorHandleAccessor.newInstance(DirectConstructorHandleAccessor.java:67)
	at java.base/java.lang.reflect.Constructor.newInstanceWithCaller(Constructor.java:500)
	at java.base/java.lang.reflect.Constructor.newInstance(Constructor.java:484)
	at org.openqa.selenium.remote.ErrorCodec.decode(ErrorCodec.java:167)
	at org.openqa.selenium.remote.codec.w3c.W3CHttpResponseCodec.decode(W3CHttpResponseCodec.java:138)
	at org.openqa.selenium.remote.codec.w3c.W3CHttpResponseCodec.decode(W3CHttpResponseCodec.java:50)
	at org.openqa.selenium.remote.HttpCommandExecutor.execute(HttpCommandExecutor.java:215)
	at org.openqa.selenium.remote.service.DriverCommandExecutor.invokeExecute(DriverCommandExecutor.java:216)
	at org.openqa.selenium.remote.service.DriverCommandExecutor.execute(DriverCommandExecutor.java:174)
	at org.openqa.selenium.remote.RemoteWebDriver.execute(RemoteWebDriver.java:557)
	at org.openqa.selenium.remote.ElementLocation$ElementFinder$2.findElement(ElementLocation.java:165)
	at org.openqa.selenium.remote.ElementLocation.findElement(ElementLocation.java:59)
	at org.openqa.selenium.remote.RemoteWebDriver.findElement(RemoteWebDriver.java:380)
	at org.openqa.selenium.remote.RemoteWebDriver.findElement(RemoteWebDriver.java:374)
	at org.openqa.selenium.support.pagefactory.DefaultElementLocator.findElement(DefaultElementLocator.java:68)
	at org.openqa.selenium.support.pagefactory.internal.LocatingElementHandler.invoke(LocatingElementHandler.java:38)
	at jdk.proxy2/jdk.proxy2.$Proxy22.sendKeys(Unknown Source)
	at io.loop.step_definitions.LoginStepDefs.user_enters_username_for_advisor(LoginStepDefs.java:63)
	at ✽.user enters username for advisor(file:///C:/Users/DELL/IdeaProjects/cucumber-project-b5/src/test/resources/features/LoginFeature.feature:25)
</textarea>
      
      </div>
              </div>
              <div class="step skip-bg" title="io.loop.step_definitions.LoginStepDefs.user_enters_password_for_advisor()">
                <span>And user enters password for advisor</span>
      <div>Step skipped
      </div>
              </div>
              <div class="step skip-bg" title="io.loop.step_definitions.LoginStepDefs.user_clicks_login_button()">
                <span>And user clicks login button</span>
      <div>Step skipped
      </div>
              </div>
              <div class="step skip-bg" title="io.loop.step_definitions.LoginStepDefs.user_should_be_able_to_see_the_home_page_for_advisor()">
                <span>Then user should be able to see the home page for advisor</span>
      <div>Step skipped
      </div>
              </div>
              <div class="step pass-bg" title="AFTER">
                <span>io.loop.step_definitions.Hook.tearDown(io.cucumber.java.Scenario)</span>
      <div>Login as a advisor
          <div class="row mb-3"><div class="col-md-3">
<img data-featherlight='../Screenshots/embedded6.png' src="../Screenshots/embedded6.png">
    
    </div></div>
</div>
      <div>
      </div>
              </div>
          </div>
        </div>
  </div>
  <div class="card">
    <div class="card-header" role="tab">
      <div class="card-title">
        <div class="node" id="68"><span class="badge log fail-bg mr-2">Fail</span>Login as a supervisor</div>
          <div class="status-avatar float-right mr-4">
            <i class="fa fa-paperclip"></i>
          </div>
      </div>
    </div>
        <div class="">
          <div class="card-body">
              <div class="step pass-bg" title="io.loop.step_definitions.LoginStepDefs.user_is_on_docuport_login_page()">
                <span>Given user is on Docuport login page</span>
      <div>
      </div>
              </div>
              <div class="step fail-bg" title="io.loop.step_definitions.LoginStepDefs.user_enters_username_for_supervisor()">
                <span>When user enters username for supervisor</span>
      <div>
        <textarea disabled class="code-block">org.openqa.selenium.NoSuchElementException: no such element: Unable to locate element: {"method":"xpath","selector":"//input[@type='text']"}
  (Session info: chrome=140.0.7339.207)
For documentation on this error, please visit: https://www.selenium.dev/documentation/webdriver/troubleshooting/errors#no-such-element-exception
Build info: version: '4.35.0', revision: '1c58e5028b'
System info: os.name: 'Windows 11', os.arch: 'amd64', os.version: '10.0', java.version: '19.0.2'
Driver info: org.openqa.selenium.chrome.ChromeDriver
Command: [f6ec475e1990dc7dd28b3a46919413b3, findElement {using=xpath, value=//input[@type='text']}]
Capabilities {acceptInsecureCerts: false, browserName: chrome, browserVersion: 140.0.7339.207, chrome: {chromedriverVersion: 140.0.7339.207 (17230b545fd..., userDataDir: C:\WINDOWS\SystemTemp\scope...}, fedcm:accounts: true, goog:chromeOptions: {debuggerAddress: localhost:53410}, networkConnectionEnabled: false, pageLoadStrategy: normal, platformName: windows, proxy: Proxy(), se:cdp: ws://localhost:53410/devtoo..., se:cdpVersion: 140.0.7339.207, setWindowRect: true, strictFileInteractability: false, timeouts: {implicit: 0, pageLoad: 300000, script: 30000}, unhandledPromptBehavior: dismiss and notify, webauthn:extension:credBlob: true, webauthn:extension:largeBlob: true, webauthn:extension:minPinLength: true, webauthn:extension:prf: true, webauthn:virtualAuthenticators: true}
Session ID: f6ec475e1990dc7dd28b3a46919413b3
	at java.base/jdk.internal.reflect.DirectConstructorHandleAccessor.newInstance(DirectConstructorHandleAccessor.java:67)
	at java.base/java.lang.reflect.Constructor.newInstanceWithCaller(Constructor.java:500)
	at java.base/java.lang.reflect.Constructor.newInstance(Constructor.java:484)
	at org.openqa.selenium.remote.ErrorCodec.decode(ErrorCodec.java:167)
	at org.openqa.selenium.remote.codec.w3c.W3CHttpResponseCodec.decode(W3CHttpResponseCodec.java:138)
	at org.openqa.selenium.remote.codec.w3c.W3CHttpResponseCodec.decode(W3CHttpResponseCodec.java:50)
	at org.openqa.selenium.remote.HttpCommandExecutor.execute(HttpCommandExecutor.java:215)
	at org.openqa.selenium.remote.service.DriverCommandExecutor.invokeExecute(DriverCommandExecutor.java:216)
	at org.openqa.selenium.remote.service.DriverCommandExecutor.execute(DriverCommandExecutor.java:174)
	at org.openqa.selenium.remote.RemoteWebDriver.execute(RemoteWebDriver.java:557)
	at org.openqa.selenium.remote.ElementLocation$ElementFinder$2.findElement(ElementLocation.java:165)
	at org.openqa.selenium.remote.ElementLocation.findElement(ElementLocation.java:59)
	at org.openqa.selenium.remote.RemoteWebDriver.findElement(RemoteWebDriver.java:380)
	at org.openqa.selenium.remote.RemoteWebDriver.findElement(RemoteWebDriver.java:374)
	at org.openqa.selenium.support.pagefactory.DefaultElementLocator.findElement(DefaultElementLocator.java:68)
	at org.openqa.selenium.support.pagefactory.internal.LocatingElementHandler.invoke(LocatingElementHandler.java:38)
	at jdk.proxy2/jdk.proxy2.$Proxy22.sendKeys(Unknown Source)
	at io.loop.step_definitions.LoginStepDefs.user_enters_username_for_supervisor(LoginStepDefs.java:75)
	at ✽.user enters username for supervisor(file:///C:/Users/DELL/IdeaProjects/cucumber-project-b5/src/test/resources/features/LoginFeature.feature:33)
</textarea>
      
      </div>
              </div>
              <div class="step skip-bg" title="io.loop.step_definitions.LoginStepDefs.user_enters_password_for_supervisor()">
                <span>And user enters password for supervisor</span>
      <div>Step skipped
      </div>
              </div>
              <div class="step skip-bg" title="io.loop.step_definitions.LoginStepDefs.user_clicks_login_button()">
                <span>And user clicks login button</span>
      <div>Step skipped
      </div>
              </div>
              <div class="step skip-bg" title="io.loop.step_definitions.LoginStepDefs.user_should_be_able_to_see_the_home_page_for_supervisor()">
                <span>Then user should be able to see the home page for supervisor</span>
      <div>Step skipped
      </div>
              </div>
              <div class="step pass-bg" title="AFTER">
                <span>io.loop.step_definitions.Hook.tearDown(io.cucumber.java.Scenario)</span>
      <div>Login as a supervisor
          <div class="row mb-3"><div class="col-md-3">
<img data-featherlight='../Screenshots/embedded8.png' src="../Screenshots/embedded8.png">
    
    </div></div>
</div>
      <div>
      </div>
              </div>
          </div>
        </div>
  </div>
  <div class="card">
    <div class="card-header" role="tab">
      <div class="card-title">
        <div class="node" id="83"><span class="badge log fail-bg mr-2">Fail</span>Login as a client map practice</div>
          <div class="status-avatar float-right mr-4">
            <i class="fa fa-paperclip"></i>
          </div>
      </div>
    </div>
        <div class="">
          <div class="card-body">
              <div class="step pass-bg" title="io.loop.step_definitions.LoginStepDefs.user_is_on_docuport_login_page()">
                <span>Given user is on Docuport login page</span>
      <div>
      </div>
              </div>
              <div class="step fail-bg" title="io.loop.step_definitions.LoginStepDefs.user_enters_credentials(java.util.Map<java.lang.String, java.lang.String>)">
                <span>When user enters credentials</span>
      <div><table class='markup-table table '><tr><td>username</td><td>b1g1_client@gmail.com</td></tr><tr><td>password</td><td>Group1</td></tr></table>
      </div>
      <div>
        <textarea disabled class="code-block">org.openqa.selenium.TimeoutException: Expected condition failed: waiting for element to be clickable: Proxy element for: DefaultElementLocator 'By.xpath: //button[@type='submit']' (tried for 10 second(s) with 500 milliseconds interval)
	at org.openqa.selenium.support.ui.WebDriverWait.timeoutException(WebDriverWait.java:84)
	at org.openqa.selenium.support.ui.FluentWait.until(FluentWait.java:228)
	at io.loop.utilities.BrowserUtils.waitForClickable(BrowserUtils.java:92)
	at io.loop.pages.LoginPage.login(LoginPage.java:31)
	at io.loop.step_definitions.LoginStepDefs.user_enters_credentials(LoginStepDefs.java:97)
	at ✽.user enters credentials(file:///C:/Users/DELL/IdeaProjects/cucumber-project-b5/src/test/resources/features/LoginFeature.feature:40)
Caused by: org.openqa.selenium.NoSuchElementException: no such element: Unable to locate element: {"method":"xpath","selector":"//button[@type='submit']"}
  (Session info: chrome=140.0.7339.207)
For documentation on this error, please visit: https://www.selenium.dev/documentation/webdriver/troubleshooting/errors#no-such-element-exception
Build info: version: '4.35.0', revision: '1c58e5028b'
System info: os.name: 'Windows 11', os.arch: 'amd64', os.version: '10.0', java.version: '19.0.2'
Driver info: org.openqa.selenium.chrome.ChromeDriver
Command: [f6ec475e1990dc7dd28b3a46919413b3, findElement {using=xpath, value=//button[@type='submit']}]
Capabilities {acceptInsecureCerts: false, browserName: chrome, browserVersion: 140.0.7339.207, chrome: {chromedriverVersion: 140.0.7339.207 (17230b545fd..., userDataDir: C:\WINDOWS\SystemTemp\scope...}, fedcm:accounts: true, goog:chromeOptions: {debuggerAddress: localhost:53410}, networkConnectionEnabled: false, pageLoadStrategy: normal, platformName: windows, proxy: Proxy(), se:cdp: ws://localhost:53410/devtoo..., se:cdpVersion: 140.0.7339.207, setWindowRect: true, strictFileInteractability: false, timeouts: {implicit: 0, pageLoad: 300000, script: 30000}, unhandledPromptBehavior: dismiss and notify, webauthn:extension:credBlob: true, webauthn:extension:largeBlob: true, webauthn:extension:minPinLength: true, webauthn:extension:prf: true, webauthn:virtualAuthenticators: true}
Session ID: f6ec475e1990dc7dd28b3a46919413b3
	at java.base/jdk.internal.reflect.DirectConstructorHandleAccessor.newInstance(DirectConstructorHandleAccessor.java:67)
	at java.base/java.lang.reflect.Constructor.newInstanceWithCaller(Constructor.java:500)
	at java.base/java.lang.reflect.Constructor.newInstance(Constructor.java:484)
	at org.openqa.selenium.remote.ErrorCodec.decode(ErrorCodec.java:167)
	at org.openqa.selenium.remote.codec.w3c.W3CHttpResponseCodec.decode(W3CHttpResponseCodec.java:138)
	at org.openqa.selenium.remote.codec.w3c.W3CHttpResponseCodec.decode(W3CHttpResponseCodec.java:50)
	at org.openqa.selenium.remote.HttpCommandExecutor.execute(HttpCommandExecutor.java:215)
	at org.openqa.selenium.remote.service.DriverCommandExecutor.invokeExecute(DriverCommandExecutor.java:216)
	at org.openqa.selenium.remote.service.DriverCommandExecutor.execute(DriverCommandExecutor.java:174)
	at org.openqa.selenium.remote.RemoteWebDriver.execute(RemoteWebDriver.java:557)
	at org.openqa.selenium.remote.ElementLocation$ElementFinder$2.findElement(ElementLocation.java:165)
	at org.openqa.selenium.remote.ElementLocation.findElement(ElementLocation.java:59)
	at org.openqa.selenium.remote.RemoteWebDriver.findElement(RemoteWebDriver.java:380)
	at org.openqa.selenium.remote.RemoteWebDriver.findElement(RemoteWebDriver.java:374)
	at org.openqa.selenium.support.pagefactory.DefaultElementLocator.findElement(DefaultElementLocator.java:68)
	at org.openqa.selenium.support.pagefactory.internal.LocatingElementHandler.invoke(LocatingElementHandler.java:38)
	at jdk.proxy2/jdk.proxy2.$Proxy22.isDisplayed(Unknown Source)
	at org.openqa.selenium.support.ui.ExpectedConditions.elementIfVisible(ExpectedConditions.java:304)
	at org.openqa.selenium.support.ui.ExpectedConditions$10.apply(ExpectedConditions.java:290)
	at org.openqa.selenium.support.ui.ExpectedConditions$10.apply(ExpectedConditions.java:287)
	at org.openqa.selenium.support.ui.ExpectedConditions$23.apply(ExpectedConditions.java:656)
	at org.openqa.selenium.support.ui.ExpectedConditions$23.apply(ExpectedConditions.java:652)
	at org.openqa.selenium.support.ui.FluentWait.until(FluentWait.java:203)
	... 4 more
</textarea>
      
      </div>
              </div>
              <div class="step skip-bg" title="io.loop.step_definitions.LoginStepDefs.user_should_be_able_to_see_the_home_page_for_client()">
                <span>Then user should be able to see the home page for client</span>
      <div>Step skipped
      </div>
              </div>
              <div class="step pass-bg" title="AFTER">
                <span>io.loop.step_definitions.Hook.tearDown(io.cucumber.java.Scenario)</span>
      <div>Login as a client map practice
          <div class="row mb-3"><div class="col-md-3">
<img data-featherlight='../Screenshots/embedded10.png' src="../Screenshots/embedded10.png">
    
    </div></div>
</div>
      <div>
      </div>
              </div>
          </div>
        </div>
  </div>
</div>
          </div>
        </li>
        <li class="test-item"  status="fail" test-id="5"
          author=""
          tag=""
          device="">
          <div class="test-detail">
            <p class="name">Google Search Functionality Title Validation</p>
            <p class="text-sm">
              <span>9:40:52 AM</span> / <span>00:00:35:353</span>
              <span class="badge fail-bg log float-right">Fail</span>
            </p>
          </div>
          <div class="test-contents d-none">
<div class="detail-head">
<div class="p-v-10">
<div class="info">
<h5 class="test-status text-fail">Google Search Functionality Title Validation</h5>
<span class='badge badge-success'>09.28.2025 9:40:52 AM</span>
<span class='badge badge-danger'>09.28.2025 9:41:27 AM</span>
<span class='badge badge-default'>00:00:35:353</span>
&middot; <span class='uri-anchor badge badge-default'>#test-id=5</span>
<span title='Skip to the next failed step' class='badge badge-danger pointer float-right ne ml-1'><i class="fa fa-fast-forward"></i></span>
<span title='Collapse all nodes' class='badge badge-default pointer float-right ct ml-1'><i class="fa fa-compress"></i></span>
<span title='Expand all nodes' class='badge badge-default pointer float-right et'><i class="fa fa-expand"></i></span>
</div>
<div class="m-t-10 m-l-5"> User Story: As a user, when I am on the Google search page
I should be abe to search whatever I want and see the relevant result</div>
</div>
</div>
<div class="accordion mt-4">
  <div class="card">
    <div class="card-header" role="tab">
      <div class="card-title">
        <div class="node" id="6"><span class="badge log fail-bg mr-2">Fail</span>Search functionality result title validation</div>
          <div class="status-avatar float-right mr-4">
            <i class="fa fa-paperclip"></i>
          </div>
      </div>
    </div>
        <div class="">
          <div class="card-body">
              <div class="step pass-bg" title="io.loop.step_definitions.GoogleSearchStepDefs.user_is_on_google_search_page()">
                <span>Given user is on Google search page</span>
      <div>
      </div>
              </div>
              <div class="step pass-bg" title="io.loop.step_definitions.GoogleSearchStepDefs.user_types_in_the_google_search_box_and_clicks_enter(java.lang.String)">
                <span>When user types "Loop Academy" in the google search box and clicks enter</span>
      <div>
      </div>
              </div>
              <div class="step fail-bg" title="io.loop.step_definitions.GoogleSearchStepDefs.user_should_be_able_to_see_search_in_the_google_title(java.lang.String)">
                <span>Then user should be able to see "Loop Academy - Google Search" in the google title</span>
      <div>
        <textarea disabled class="code-block">org.openqa.selenium.TimeoutException: Expected condition failed: waiting for title to be "Loop Academy - Google Search". Current title: "https://www.google.com/search?q=Loop+Academy&sca_esv=b9988e00c4cb4b8a&source=hp&ei=9DrZaNPgL9ev5NoPgZStoQo&iflsig=AOw8s4IAAAAAaNlJBETVvnHIzQr0T5LHZopM1XNIV_O6&ved=0ahUKEwjTqubeyvuPAxXXF1kFHQFKK6QQ4dUDCA8&uact=5&oq=Loop+Academy&gs_lp=Egdnd3Mtd2l6IgxMb29wIEFjYWRlbXlIswFQAFiiAXAAeACQAQCYAQCgAQCqAQC4AQPIAQD4AQGYAgCgAgCYAwCSBwCgBwCyBwC4BwDCBwDIBwA&sclient=gws-wiz&sei=-DrZaIXGOM_JptQPr76akA4" (tried for 10 second(s) with 500 milliseconds interval)
Build info: version: '4.35.0', revision: '1c58e5028b'
System info: os.name: 'Windows 11', os.arch: 'amd64', os.version: '10.0', java.version: '19.0.2'
Driver info: org.openqa.selenium.chrome.ChromeDriver
Capabilities {acceptInsecureCerts: false, browserName: chrome, browserVersion: 140.0.7339.207, chrome: {chromedriverVersion: 140.0.7339.207 (17230b545fd..., userDataDir: C:\WINDOWS\SystemTemp\scope...}, fedcm:accounts: true, goog:chromeOptions: {debuggerAddress: localhost:53412}, networkConnectionEnabled: false, pageLoadStrategy: normal, platformName: windows, proxy: Proxy(), se:cdp: ws://localhost:53412/devtoo..., se:cdpVersion: 140.0.7339.207, setWindowRect: true, strictFileInteractability: false, timeouts: {implicit: 0, pageLoad: 300000, script: 30000}, unhandledPromptBehavior: dismiss and notify, webauthn:extension:credBlob: true, webauthn:extension:largeBlob: true, webauthn:extension:minPinLength: true, webauthn:extension:prf: true, webauthn:virtualAuthenticators: true}
Session ID: 379378ee8766b83e9cd6c6e79414ec0c
	at org.openqa.selenium.support.ui.WebDriverWait.timeoutException(WebDriverWait.java:84)
	at org.openqa.selenium.support.ui.FluentWait.until(FluentWait.java:228)
	at io.loop.step_definitions.GoogleSearchStepDefs.user_should_be_able_to_see_search_in_the_google_title(GoogleSearchStepDefs.java:46)
	at ✽.user should be able to see "Loop Academy - Google Search" in the google title(file:///C:/Users/DELL/IdeaProjects/cucumber-project-b5/src/test/resources/features/google_search.feature:15)
</textarea>
      
      </div>
              </div>
              <div class="step pass-bg" title="AFTER">
                <span>io.loop.step_definitions.Hook.tearDown(io.cucumber.java.Scenario)</span>
      <div>Search functionality result title validation
          <div class="row mb-3"><div class="col-md-3">
<img data-featherlight='../Screenshots/embedded2.png' src="../Screenshots/embedded2.png">
    
    </div></div>
</div>
      <div>
      </div>
              </div>
          </div>
        </div>
  </div>
</div>
          </div>
        </li>
        <li class="test-item"  status="fail" test-id="21"
          author=""
          tag=""
          device="">
          <div class="test-detail">
            <p class="name">passing multiple parameters to the same step</p>
            <p class="text-sm">
              <span>9:41:17 AM</span> / <span>00:00:14:257</span>
              <span class="badge fail-bg log float-right">Fail</span>
            </p>
          </div>
          <div class="test-contents d-none">
<div class="detail-head">
<div class="p-v-10">
<div class="info">
<h5 class="test-status text-fail">passing multiple parameters to the same step</h5>
<span class='badge badge-success'>09.28.2025 9:41:17 AM</span>
<span class='badge badge-danger'>09.28.2025 9:41:31 AM</span>
<span class='badge badge-default'>00:00:14:257</span>
&middot; <span class='uri-anchor badge badge-default'>#test-id=21</span>
<span title='Skip to the next failed step' class='badge badge-danger pointer float-right ne ml-1'><i class="fa fa-fast-forward"></i></span>
<span title='Collapse all nodes' class='badge badge-default pointer float-right ct ml-1'><i class="fa fa-compress"></i></span>
<span title='Expand all nodes' class='badge badge-default pointer float-right et'><i class="fa fa-expand"></i></span>
</div>
<div class="m-t-10 m-l-5"></div>
</div>
</div>
<div class="accordion mt-4">
  <div class="card">
    <div class="card-header" role="tab">
      <div class="card-title">
        <div class="node" id="22"><span class="badge log fail-bg mr-2">Fail</span>Searching multiple items</div>
          <div class="status-avatar float-right mr-4">
            <i class="fa fa-paperclip"></i>
          </div>
      </div>
    </div>
        <div class="">
          <div class="card-body">
              <div class="step pass-bg" title="io.loop.step_definitions.GoogleSearchStepDefs.user_is_on_google_search_page()">
                <span>Given user is on Google search page</span>
      <div>
      </div>
              </div>
              <div class="step fail-bg" title="io.loop.step_definitions.GoogleSearchStepDefs.user_searches_the_following_items(java.util.List<java.util.Map<java.lang.String, java.lang.String>>)">
                <span>Then user searches the following items</span>
      <div><table class='markup-table table '><tr><td>items</td></tr><tr><td>loop academy</td></tr><tr><td>java</td></tr><tr><td>selenium</td></tr><tr><td>sql</td></tr><tr><td>Taras</td></tr><tr><td>Suidum</td></tr><tr><td>Halina</td></tr><tr><td>Savlat</td></tr><tr><td>Polina</td></tr></table>
      </div>
      <div>
        <textarea disabled class="code-block">org.openqa.selenium.TimeoutException: Expected condition failed: waiting for title to be "loop academy - Google Search". Current title: "https://www.google.com/search?q=loop+academy&sca_esv=b9988e00c4cb4b8a&source=hp&ei=_TrZaIOeIKye5NoP5cms0AM&iflsig=AOw8s4IAAAAAaNlJDcXqvQl9aQ8V1QOnT4KJL13E89iL&ved=0ahUKEwjDkPziyvuPAxUsD1kFHeUkCzoQ4dUDCA8&uact=5&oq=loop+academy&gs_lp=Egdnd3Mtd2l6Igxsb29wIGFjYWRlbXlI1gFQAFjJAXAAeACQAQCYAQCgAQCqAQC4AQPIAQD4AQGYAgCgAgCYAwCSBwCgBwCyBwC4BwDCBwDIBwA&sclient=gws-wiz&sei=ADvZaL3UOYT9ptQPlqyDqAk" (tried for 10 second(s) with 500 milliseconds interval)
Build info: version: '4.35.0', revision: '1c58e5028b'
System info: os.name: 'Windows 11', os.arch: 'amd64', os.version: '10.0', java.version: '19.0.2'
Driver info: org.openqa.selenium.chrome.ChromeDriver
Capabilities {acceptInsecureCerts: false, browserName: chrome, browserVersion: 140.0.7339.207, chrome: {chromedriverVersion: 140.0.7339.207 (17230b545fd..., userDataDir: C:\WINDOWS\SystemTemp\scope...}, fedcm:accounts: true, goog:chromeOptions: {debuggerAddress: localhost:53411}, networkConnectionEnabled: false, pageLoadStrategy: normal, platformName: windows, proxy: Proxy(), se:cdp: ws://localhost:53411/devtoo..., se:cdpVersion: 140.0.7339.207, setWindowRect: true, strictFileInteractability: false, timeouts: {implicit: 0, pageLoad: 300000, script: 30000}, unhandledPromptBehavior: dismiss and notify, webauthn:extension:credBlob: true, webauthn:extension:largeBlob: true, webauthn:extension:minPinLength: true, webauthn:extension:prf: true, webauthn:virtualAuthenticators: true}
Session ID: 8ecfdb0763ad0426dceff28eb59bef21
	at org.openqa.selenium.support.ui.WebDriverWait.timeoutException(WebDriverWait.java:84)
	at org.openqa.selenium.support.ui.FluentWait.until(FluentWait.java:228)
	at io.loop.step_definitions.GoogleSearchStepDefs.user_searches_the_following_items(GoogleSearchStepDefs.java:97)
	at ✽.user searches the following items(file:///C:/Users/DELL/IdeaProjects/cucumber-project-b5/src/test/resources/features/google_search_data_table.feature:6)
</textarea>
      
      </div>
              </div>
              <div class="step skip-bg" title="io.loop.step_definitions.GoogleSearchStepDefs.we_love_loop_academy()">
                <span>And we love Loop Academy</span>
      <div>Step skipped
      </div>
              </div>
              <div class="step pass-bg" title="AFTER">
                <span>io.loop.step_definitions.Hook.tearDown(io.cucumber.java.Scenario)</span>
      <div>Searching multiple items
          <div class="row mb-3"><div class="col-md-3">
<img data-featherlight='../Screenshots/embedded3.png' src="../Screenshots/embedded3.png">
    
    </div></div>
</div>
      <div>
      </div>
              </div>
          </div>
        </div>
  </div>
</div>
          </div>
        </li>
        <li class="test-item"  status="fail" test-id="35"
          author=""
          tag=""
          device="">
          <div class="test-detail">
            <p class="name">Scenario Outline Practice</p>
            <p class="text-sm">
              <span>9:41:27 AM</span> / <span>00:01:31:908</span>
              <span class="badge fail-bg log float-right">Fail</span>
            </p>
          </div>
          <div class="test-contents d-none">
<div class="detail-head">
<div class="p-v-10">
<div class="info">
<h5 class="test-status text-fail">Scenario Outline Practice</h5>
<span class='badge badge-success'>09.28.2025 9:41:27 AM</span>
<span class='badge badge-danger'>09.28.2025 9:42:59 AM</span>
<span class='badge badge-default'>00:01:31:908</span>
&middot; <span class='uri-anchor badge badge-default'>#test-id=35</span>
<span title='Skip to the next failed step' class='badge badge-danger pointer float-right ne ml-1'><i class="fa fa-fast-forward"></i></span>
<span title='Collapse all nodes' class='badge badge-default pointer float-right ct ml-1'><i class="fa fa-compress"></i></span>
<span title='Expand all nodes' class='badge badge-default pointer float-right et'><i class="fa fa-expand"></i></span>
</div>
<div class="m-t-10 m-l-5"></div>
</div>
</div>
<div class="accordion mt-4">
  <div class="card">
    <div class="card-header" role="tab">
      <div class="card-title">
        <div class="node" id="36"><span class="badge log fail-bg mr-2">Fail</span>practice outline</div>
          <div class="status-avatar float-right mr-4">
            <i class="fa fa-paperclip"></i>
          </div>
      </div>
    </div>
        <div class="scenario_outline ">
            <div class="card-body l1">
              <div class="card-header">
                <div class="card-title outline-child">
                  <div class="node" id="37"><span class="badge log fail-bg mr-2">Fail</span>practice outline</div>
                    <div class="status-avatar float-right">
                      <i class="fa fa-paperclip"></i>
                    </div>
                </div>
              </div>
              <div class="card-body mt-3 ">
                  <div class="step pass-bg">
                    <span>Given user is on Google search page</span>
      <div>
      </div>
                  </div>
                  <div class="step pass-bg">
                    <span>When user searches for "Azerbaijan"</span>
      <div>
      </div>
                  </div>
                  <div class="step fail-bg">
                    <span>Then user should see "Baku" in the results as capital</span>
      <div>
        <textarea disabled class="code-block">org.openqa.selenium.NoSuchElementException: no such element: Unable to locate element: {"method":"xpath","selector":"//div[@class='wvKXQ']"}
  (Session info: chrome=140.0.7339.207)
For documentation on this error, please visit: https://www.selenium.dev/documentation/webdriver/troubleshooting/errors#no-such-element-exception
Build info: version: '4.35.0', revision: '1c58e5028b'
System info: os.name: 'Windows 11', os.arch: 'amd64', os.version: '10.0', java.version: '19.0.2'
Driver info: org.openqa.selenium.chrome.ChromeDriver
Command: [379378ee8766b83e9cd6c6e79414ec0c, findElement {using=xpath, value=//div[@class='wvKXQ']}]
Capabilities {acceptInsecureCerts: false, browserName: chrome, browserVersion: 140.0.7339.207, chrome: {chromedriverVersion: 140.0.7339.207 (17230b545fd..., userDataDir: C:\WINDOWS\SystemTemp\scope...}, fedcm:accounts: true, goog:chromeOptions: {debuggerAddress: localhost:53412}, networkConnectionEnabled: false, pageLoadStrategy: normal, platformName: windows, proxy: Proxy(), se:cdp: ws://localhost:53412/devtoo..., se:cdpVersion: 140.0.7339.207, setWindowRect: true, strictFileInteractability: false, timeouts: {implicit: 0, pageLoad: 300000, script: 30000}, unhandledPromptBehavior: dismiss and notify, webauthn:extension:credBlob: true, webauthn:extension:largeBlob: true, webauthn:extension:minPinLength: true, webauthn:extension:prf: true, webauthn:virtualAuthenticators: true}
Session ID: 379378ee8766b83e9cd6c6e79414ec0c
	at java.base/jdk.internal.reflect.DirectConstructorHandleAccessor.newInstance(DirectConstructorHandleAccessor.java:67)
	at java.base/java.lang.reflect.Constructor.newInstanceWithCaller(Constructor.java:500)
	at java.base/java.lang.reflect.Constructor.newInstance(Constructor.java:484)
	at org.openqa.selenium.remote.ErrorCodec.decode(ErrorCodec.java:167)
	at org.openqa.selenium.remote.codec.w3c.W3CHttpResponseCodec.decode(W3CHttpResponseCodec.java:138)
	at org.openqa.selenium.remote.codec.w3c.W3CHttpResponseCodec.decode(W3CHttpResponseCodec.java:50)
	at org.openqa.selenium.remote.HttpCommandExecutor.execute(HttpCommandExecutor.java:215)
	at org.openqa.selenium.remote.service.DriverCommandExecutor.invokeExecute(DriverCommandExecutor.java:216)
	at org.openqa.selenium.remote.service.DriverCommandExecutor.execute(DriverCommandExecutor.java:174)
	at org.openqa.selenium.remote.RemoteWebDriver.execute(RemoteWebDriver.java:557)
	at org.openqa.selenium.remote.ElementLocation$ElementFinder$2.findElement(ElementLocation.java:165)
	at org.openqa.selenium.remote.ElementLocation.findElement(ElementLocation.java:59)
	at org.openqa.selenium.remote.RemoteWebDriver.findElement(RemoteWebDriver.java:380)
	at org.openqa.selenium.remote.RemoteWebDriver.findElement(RemoteWebDriver.java:374)
	at org.openqa.selenium.support.pagefactory.DefaultElementLocator.findElement(DefaultElementLocator.java:68)
	at org.openqa.selenium.support.pagefactory.internal.LocatingElementHandler.invoke(LocatingElementHandler.java:38)
	at jdk.proxy2/jdk.proxy2.$Proxy22.getText(Unknown Source)
	at io.loop.step_definitions.GoogleSearchStepDefs.user_should_be_able_to_see_in_the_results_as_capital(GoogleSearchStepDefs.java:58)
	at ✽.user should see "Baku" in the results as capital(file:///C:/Users/DELL/IdeaProjects/cucumber-project-b5/src/test/resources/features/google_search_outline.feature:7)
</textarea>
      
      </div>
                  </div>
                  <div class="step skip-bg">
                    <span>And we love Loop Academy</span>
      <div>Step skipped
      </div>
                  </div>
                  <div class="step pass-bg">
                    <span>io.loop.step_definitions.Hook.tearDown(io.cucumber.java.Scenario)</span>
      <div>practice outline
          <div class="row mb-3"><div class="col-md-3">
<img data-featherlight='../Screenshots/embedded5.png' src="../Screenshots/embedded5.png">
    
    </div></div>
</div>
      <div>
      </div>
                  </div>
              </div>
            </div>
            <div class="card-body l1">
              <div class="card-header">
                <div class="card-title outline-child">
                  <div class="node" id="59"><span class="badge log fail-bg mr-2">Fail</span>practice outline</div>
                    <div class="status-avatar float-right">
                      <i class="fa fa-paperclip"></i>
                    </div>
                </div>
              </div>
              <div class="card-body mt-3 ">
                  <div class="step pass-bg">
                    <span>Given user is on Google search page</span>
      <div>
      </div>
                  </div>
                  <div class="step pass-bg">
                    <span>When user searches for "Ukraine"</span>
      <div>
      </div>
                  </div>
                  <div class="step fail-bg">
                    <span>Then user should see "Kyiv" in the results as capital</span>
      <div>
        <textarea disabled class="code-block">org.openqa.selenium.NoSuchElementException: no such element: Unable to locate element: {"method":"xpath","selector":"//div[@class='wvKXQ']"}
  (Session info: chrome=140.0.7339.207)
For documentation on this error, please visit: https://www.selenium.dev/documentation/webdriver/troubleshooting/errors#no-such-element-exception
Build info: version: '4.35.0', revision: '1c58e5028b'
System info: os.name: 'Windows 11', os.arch: 'amd64', os.version: '10.0', java.version: '19.0.2'
Driver info: org.openqa.selenium.chrome.ChromeDriver
Command: [379378ee8766b83e9cd6c6e79414ec0c, findElement {using=xpath, value=//div[@class='wvKXQ']}]
Capabilities {acceptInsecureCerts: false, browserName: chrome, browserVersion: 140.0.7339.207, chrome: {chromedriverVersion: 140.0.7339.207 (17230b545fd..., userDataDir: C:\WINDOWS\SystemTemp\scope...}, fedcm:accounts: true, goog:chromeOptions: {debuggerAddress: localhost:53412}, networkConnectionEnabled: false, pageLoadStrategy: normal, platformName: windows, proxy: Proxy(), se:cdp: ws://localhost:53412/devtoo..., se:cdpVersion: 140.0.7339.207, setWindowRect: true, strictFileInteractability: false, timeouts: {implicit: 0, pageLoad: 300000, script: 30000}, unhandledPromptBehavior: dismiss and notify, webauthn:extension:credBlob: true, webauthn:extension:largeBlob: true, webauthn:extension:minPinLength: true, webauthn:extension:prf: true, webauthn:virtualAuthenticators: true}
Session ID: 379378ee8766b83e9cd6c6e79414ec0c
	at java.base/jdk.internal.reflect.DirectConstructorHandleAccessor.newInstance(DirectConstructorHandleAccessor.java:67)
	at java.base/java.lang.reflect.Constructor.newInstanceWithCaller(Constructor.java:500)
	at java.base/java.lang.reflect.Constructor.newInstance(Constructor.java:484)
	at org.openqa.selenium.remote.ErrorCodec.decode(ErrorCodec.java:167)
	at org.openqa.selenium.remote.codec.w3c.W3CHttpResponseCodec.decode(W3CHttpResponseCodec.java:138)
	at org.openqa.selenium.remote.codec.w3c.W3CHttpResponseCodec.decode(W3CHttpResponseCodec.java:50)
	at org.openqa.selenium.remote.HttpCommandExecutor.execute(HttpCommandExecutor.java:215)
	at org.openqa.selenium.remote.service.DriverCommandExecutor.invokeExecute(DriverCommandExecutor.java:216)
	at org.openqa.selenium.remote.service.DriverCommandExecutor.execute(DriverCommandExecutor.java:174)
	at org.openqa.selenium.remote.RemoteWebDriver.execute(RemoteWebDriver.java:557)
	at org.openqa.selenium.remote.ElementLocation$ElementFinder$2.findElement(ElementLocation.java:165)
	at org.openqa.selenium.remote.ElementLocation.findElement(ElementLocation.java:59)
	at org.openqa.selenium.remote.RemoteWebDriver.findElement(RemoteWebDriver.java:380)
	at org.openqa.selenium.remote.RemoteWebDriver.findElement(RemoteWebDriver.java:374)
	at org.openqa.selenium.support.pagefactory.DefaultElementLocator.findElement(DefaultElementLocator.java:68)
	at org.openqa.selenium.support.pagefactory.internal.LocatingElementHandler.invoke(LocatingElementHandler.java:38)
	at jdk.proxy2/jdk.proxy2.$Proxy22.getText(Unknown Source)
	at io.loop.step_definitions.GoogleSearchStepDefs.user_should_be_able_to_see_in_the_results_as_capital(GoogleSearchStepDefs.java:58)
	at ✽.user should see "Kyiv" in the results as capital(file:///C:/Users/DELL/IdeaProjects/cucumber-project-b5/src/test/resources/features/google_search_outline.feature:7)
</textarea>
      
      </div>
                  </div>
                  <div class="step skip-bg">
                    <span>And we love Loop Academy</span>
      <div>Step skipped
      </div>
                  </div>
                  <div class="step pass-bg">
                    <span>io.loop.step_definitions.Hook.tearDown(io.cucumber.java.Scenario)</span>
      <div>practice outline
          <div class="row mb-3"><div class="col-md-3">
<img data-featherlight='../Screenshots/embedded7.png' src="../Screenshots/embedded7.png">
    
    </div></div>
</div>
      <div>
      </div>
                  </div>
              </div>
            </div>
            <div class="card-body l1">
              <div class="card-header">
                <div class="card-title outline-child">
                  <div class="node" id="74"><span class="badge log fail-bg mr-2">Fail</span>practice outline</div>
                    <div class="status-avatar float-right">
                      <i class="fa fa-paperclip"></i>
                    </div>
                </div>
              </div>
              <div class="card-body mt-3 ">
                  <div class="step pass-bg">
                    <span>Given user is on Google search page</span>
      <div>
      </div>
                  </div>
                  <div class="step pass-bg">
                    <span>When user searches for "Afghanistan"</span>
      <div>
      </div>
                  </div>
                  <div class="step fail-bg">
                    <span>Then user should see "Kabul" in the results as capital</span>
      <div>
        <textarea disabled class="code-block">org.openqa.selenium.NoSuchElementException: no such element: Unable to locate element: {"method":"xpath","selector":"//div[@class='wvKXQ']"}
  (Session info: chrome=140.0.7339.207)
For documentation on this error, please visit: https://www.selenium.dev/documentation/webdriver/troubleshooting/errors#no-such-element-exception
Build info: version: '4.35.0', revision: '1c58e5028b'
System info: os.name: 'Windows 11', os.arch: 'amd64', os.version: '10.0', java.version: '19.0.2'
Driver info: org.openqa.selenium.chrome.ChromeDriver
Command: [379378ee8766b83e9cd6c6e79414ec0c, findElement {using=xpath, value=//div[@class='wvKXQ']}]
Capabilities {acceptInsecureCerts: false, browserName: chrome, browserVersion: 140.0.7339.207, chrome: {chromedriverVersion: 140.0.7339.207 (17230b545fd..., userDataDir: C:\WINDOWS\SystemTemp\scope...}, fedcm:accounts: true, goog:chromeOptions: {debuggerAddress: localhost:53412}, networkConnectionEnabled: false, pageLoadStrategy: normal, platformName: windows, proxy: Proxy(), se:cdp: ws://localhost:53412/devtoo..., se:cdpVersion: 140.0.7339.207, setWindowRect: true, strictFileInteractability: false, timeouts: {implicit: 0, pageLoad: 300000, script: 30000}, unhandledPromptBehavior: dismiss and notify, webauthn:extension:credBlob: true, webauthn:extension:largeBlob: true, webauthn:extension:minPinLength: true, webauthn:extension:prf: true, webauthn:virtualAuthenticators: true}
Session ID: 379378ee8766b83e9cd6c6e79414ec0c
	at java.base/jdk.internal.reflect.DirectConstructorHandleAccessor.newInstance(DirectConstructorHandleAccessor.java:67)
	at java.base/java.lang.reflect.Constructor.newInstanceWithCaller(Constructor.java:500)
	at java.base/java.lang.reflect.Constructor.newInstance(Constructor.java:484)
	at org.openqa.selenium.remote.ErrorCodec.decode(ErrorCodec.java:167)
	at org.openqa.selenium.remote.codec.w3c.W3CHttpResponseCodec.decode(W3CHttpResponseCodec.java:138)
	at org.openqa.selenium.remote.codec.w3c.W3CHttpResponseCodec.decode(W3CHttpResponseCodec.java:50)
	at org.openqa.selenium.remote.HttpCommandExecutor.execute(HttpCommandExecutor.java:215)
	at org.openqa.selenium.remote.service.DriverCommandExecutor.invokeExecute(DriverCommandExecutor.java:216)
	at org.openqa.selenium.remote.service.DriverCommandExecutor.execute(DriverCommandExecutor.java:174)
	at org.openqa.selenium.remote.RemoteWebDriver.execute(RemoteWebDriver.java:557)
	at org.openqa.selenium.remote.ElementLocation$ElementFinder$2.findElement(ElementLocation.java:165)
	at org.openqa.selenium.remote.ElementLocation.findElement(ElementLocation.java:59)
	at org.openqa.selenium.remote.RemoteWebDriver.findElement(RemoteWebDriver.java:380)
	at org.openqa.selenium.remote.RemoteWebDriver.findElement(RemoteWebDriver.java:374)
	at org.openqa.selenium.support.pagefactory.DefaultElementLocator.findElement(DefaultElementLocator.java:68)
	at org.openqa.selenium.support.pagefactory.internal.LocatingElementHandler.invoke(LocatingElementHandler.java:38)
	at jdk.proxy2/jdk.proxy2.$Proxy22.getText(Unknown Source)
	at io.loop.step_definitions.GoogleSearchStepDefs.user_should_be_able_to_see_in_the_results_as_capital(GoogleSearchStepDefs.java:58)
	at ✽.user should see "Kabul" in the results as capital(file:///C:/Users/DELL/IdeaProjects/cucumber-project-b5/src/test/resources/features/google_search_outline.feature:7)
</textarea>
      
      </div>
                  </div>
                  <div class="step skip-bg">
                    <span>And we love Loop Academy</span>
      <div>Step skipped
      </div>
                  </div>
                  <div class="step pass-bg">
                    <span>io.loop.step_definitions.Hook.tearDown(io.cucumber.java.Scenario)</span>
      <div>practice outline
          <div class="row mb-3"><div class="col-md-3">
<img data-featherlight='../Screenshots/embedded9.png' src="../Screenshots/embedded9.png">
    
    </div></div>
</div>
      <div>
      </div>
                  </div>
              </div>
            </div>
            <div class="card-body l1">
              <div class="card-header">
                <div class="card-title outline-child">
                  <div class="node" id="94"><span class="badge log fail-bg mr-2">Fail</span>practice outline</div>
                    <div class="status-avatar float-right">
                      <i class="fa fa-paperclip"></i>
                    </div>
                </div>
              </div>
              <div class="card-body mt-3 ">
                  <div class="step pass-bg">
                    <span>Given user is on Google search page</span>
      <div>
      </div>
                  </div>
                  <div class="step pass-bg">
                    <span>When user searches for "USA"</span>
      <div>
      </div>
                  </div>
                  <div class="step fail-bg">
                    <span>Then user should see "Washington, D.C." in the results as capital</span>
      <div>
        <textarea disabled class="code-block">org.openqa.selenium.NoSuchElementException: no such element: Unable to locate element: {"method":"xpath","selector":"//div[@class='wvKXQ']"}
  (Session info: chrome=140.0.7339.207)
For documentation on this error, please visit: https://www.selenium.dev/documentation/webdriver/troubleshooting/errors#no-such-element-exception
Build info: version: '4.35.0', revision: '1c58e5028b'
System info: os.name: 'Windows 11', os.arch: 'amd64', os.version: '10.0', java.version: '19.0.2'
Driver info: org.openqa.selenium.chrome.ChromeDriver
Command: [379378ee8766b83e9cd6c6e79414ec0c, findElement {using=xpath, value=//div[@class='wvKXQ']}]
Capabilities {acceptInsecureCerts: false, browserName: chrome, browserVersion: 140.0.7339.207, chrome: {chromedriverVersion: 140.0.7339.207 (17230b545fd..., userDataDir: C:\WINDOWS\SystemTemp\scope...}, fedcm:accounts: true, goog:chromeOptions: {debuggerAddress: localhost:53412}, networkConnectionEnabled: false, pageLoadStrategy: normal, platformName: windows, proxy: Proxy(), se:cdp: ws://localhost:53412/devtoo..., se:cdpVersion: 140.0.7339.207, setWindowRect: true, strictFileInteractability: false, timeouts: {implicit: 0, pageLoad: 300000, script: 30000}, unhandledPromptBehavior: dismiss and notify, webauthn:extension:credBlob: true, webauthn:extension:largeBlob: true, webauthn:extension:minPinLength: true, webauthn:extension:prf: true, webauthn:virtualAuthenticators: true}
Session ID: 379378ee8766b83e9cd6c6e79414ec0c
	at java.base/jdk.internal.reflect.DirectConstructorHandleAccessor.newInstance(DirectConstructorHandleAccessor.java:67)
	at java.base/java.lang.reflect.Constructor.newInstanceWithCaller(Constructor.java:500)
	at java.base/java.lang.reflect.Constructor.newInstance(Constructor.java:484)
	at org.openqa.selenium.remote.ErrorCodec.decode(ErrorCodec.java:167)
	at org.openqa.selenium.remote.codec.w3c.W3CHttpResponseCodec.decode(W3CHttpResponseCodec.java:138)
	at org.openqa.selenium.remote.codec.w3c.W3CHttpResponseCodec.decode(W3CHttpResponseCodec.java:50)
	at org.openqa.selenium.remote.HttpCommandExecutor.execute(HttpCommandExecutor.java:215)
	at org.openqa.selenium.remote.service.DriverCommandExecutor.invokeExecute(DriverCommandExecutor.java:216)
	at org.openqa.selenium.remote.service.DriverCommandExecutor.execute(DriverCommandExecutor.java:174)
	at org.openqa.selenium.remote.RemoteWebDriver.execute(RemoteWebDriver.java:557)
	at org.openqa.selenium.remote.ElementLocation$ElementFinder$2.findElement(ElementLocation.java:165)
	at org.openqa.selenium.remote.ElementLocation.findElement(ElementLocation.java:59)
	at org.openqa.selenium.remote.RemoteWebDriver.findElement(RemoteWebDriver.java:380)
	at org.openqa.selenium.remote.RemoteWebDriver.findElement(RemoteWebDriver.java:374)
	at org.openqa.selenium.support.pagefactory.DefaultElementLocator.findElement(DefaultElementLocator.java:68)
	at org.openqa.selenium.support.pagefactory.internal.LocatingElementHandler.invoke(LocatingElementHandler.java:38)
	at jdk.proxy2/jdk.proxy2.$Proxy22.getText(Unknown Source)
	at io.loop.step_definitions.GoogleSearchStepDefs.user_should_be_able_to_see_in_the_results_as_capital(GoogleSearchStepDefs.java:58)
	at ✽.user should see "Washington, D.C." in the results as capital(file:///C:/Users/DELL/IdeaProjects/cucumber-project-b5/src/test/resources/features/google_search_outline.feature:7)
</textarea>
      
      </div>
                  </div>
                  <div class="step skip-bg">
                    <span>And we love Loop Academy</span>
      <div>Step skipped
      </div>
                  </div>
                  <div class="step pass-bg">
                    <span>io.loop.step_definitions.Hook.tearDown(io.cucumber.java.Scenario)</span>
      <div>practice outline
          <div class="row mb-3"><div class="col-md-3">
<img data-featherlight='../Screenshots/embedded11.png' src="../Screenshots/embedded11.png">
    
    </div></div>
</div>
      <div>
      </div>
                  </div>
              </div>
            </div>
            <div class="card-body l1">
              <div class="card-header">
                <div class="card-title outline-child">
                  <div class="node" id="103"><span class="badge log fail-bg mr-2">Fail</span>practice outline</div>
                    <div class="status-avatar float-right">
                      <i class="fa fa-paperclip"></i>
                    </div>
                </div>
              </div>
              <div class="card-body mt-3 ">
                  <div class="step pass-bg">
                    <span>Given user is on Google search page</span>
      <div>
      </div>
                  </div>
                  <div class="step pass-bg">
                    <span>When user searches for "Turkiye"</span>
      <div>
      </div>
                  </div>
                  <div class="step fail-bg">
                    <span>Then user should see "Ankara" in the results as capital</span>
      <div>
        <textarea disabled class="code-block">org.openqa.selenium.NoSuchElementException: no such element: Unable to locate element: {"method":"xpath","selector":"//div[@class='wvKXQ']"}
  (Session info: chrome=140.0.7339.207)
For documentation on this error, please visit: https://www.selenium.dev/documentation/webdriver/troubleshooting/errors#no-such-element-exception
Build info: version: '4.35.0', revision: '1c58e5028b'
System info: os.name: 'Windows 11', os.arch: 'amd64', os.version: '10.0', java.version: '19.0.2'
Driver info: org.openqa.selenium.chrome.ChromeDriver
Command: [379378ee8766b83e9cd6c6e79414ec0c, findElement {using=xpath, value=//div[@class='wvKXQ']}]
Capabilities {acceptInsecureCerts: false, browserName: chrome, browserVersion: 140.0.7339.207, chrome: {chromedriverVersion: 140.0.7339.207 (17230b545fd..., userDataDir: C:\WINDOWS\SystemTemp\scope...}, fedcm:accounts: true, goog:chromeOptions: {debuggerAddress: localhost:53412}, networkConnectionEnabled: false, pageLoadStrategy: normal, platformName: windows, proxy: Proxy(), se:cdp: ws://localhost:53412/devtoo..., se:cdpVersion: 140.0.7339.207, setWindowRect: true, strictFileInteractability: false, timeouts: {implicit: 0, pageLoad: 300000, script: 30000}, unhandledPromptBehavior: dismiss and notify, webauthn:extension:credBlob: true, webauthn:extension:largeBlob: true, webauthn:extension:minPinLength: true, webauthn:extension:prf: true, webauthn:virtualAuthenticators: true}
Session ID: 379378ee8766b83e9cd6c6e79414ec0c
	at java.base/jdk.internal.reflect.DirectConstructorHandleAccessor.newInstance(DirectConstructorHandleAccessor.java:67)
	at java.base/java.lang.reflect.Constructor.newInstanceWithCaller(Constructor.java:500)
	at java.base/java.lang.reflect.Constructor.newInstance(Constructor.java:484)
	at org.openqa.selenium.remote.ErrorCodec.decode(ErrorCodec.java:167)
	at org.openqa.selenium.remote.codec.w3c.W3CHttpResponseCodec.decode(W3CHttpResponseCodec.java:138)
	at org.openqa.selenium.remote.codec.w3c.W3CHttpResponseCodec.decode(W3CHttpResponseCodec.java:50)
	at org.openqa.selenium.remote.HttpCommandExecutor.execute(HttpCommandExecutor.java:215)
	at org.openqa.selenium.remote.service.DriverCommandExecutor.invokeExecute(DriverCommandExecutor.java:216)
	at org.openqa.selenium.remote.service.DriverCommandExecutor.execute(DriverCommandExecutor.java:174)
	at org.openqa.selenium.remote.RemoteWebDriver.execute(RemoteWebDriver.java:557)
	at org.openqa.selenium.remote.ElementLocation$ElementFinder$2.findElement(ElementLocation.java:165)
	at org.openqa.selenium.remote.ElementLocation.findElement(ElementLocation.java:59)
	at org.openqa.selenium.remote.RemoteWebDriver.findElement(RemoteWebDriver.java:380)
	at org.openqa.selenium.remote.RemoteWebDriver.findElement(RemoteWebDriver.java:374)
	at org.openqa.selenium.support.pagefactory.DefaultElementLocator.findElement(DefaultElementLocator.java:68)
	at org.openqa.selenium.support.pagefactory.internal.LocatingElementHandler.invoke(LocatingElementHandler.java:38)
	at jdk.proxy2/jdk.proxy2.$Proxy22.getText(Unknown Source)
	at io.loop.step_definitions.GoogleSearchStepDefs.user_should_be_able_to_see_in_the_results_as_capital(GoogleSearchStepDefs.java:58)
	at ✽.user should see "Ankara" in the results as capital(file:///C:/Users/DELL/IdeaProjects/cucumber-project-b5/src/test/resources/features/google_search_outline.feature:7)
</textarea>
      
      </div>
                  </div>
                  <div class="step skip-bg">
                    <span>And we love Loop Academy</span>
      <div>Step skipped
      </div>
                  </div>
                  <div class="step pass-bg">
                    <span>io.loop.step_definitions.Hook.tearDown(io.cucumber.java.Scenario)</span>
      <div>practice outline
          <div class="row mb-3"><div class="col-md-3">
<img data-featherlight='../Screenshots/embedded12.png' src="../Screenshots/embedded12.png">
    
    </div></div>
</div>
      <div>
      </div>
                  </div>
              </div>
            </div>
            <div class="card-body l1">
              <div class="card-header">
                <div class="card-title outline-child">
                  <div class="node" id="115"><span class="badge log fail-bg mr-2">Fail</span>practice outline</div>
                    <div class="status-avatar float-right">
                      <i class="fa fa-paperclip"></i>
                    </div>
                </div>
              </div>
              <div class="card-body mt-3 ">
                  <div class="step pass-bg">
                    <span>Given user is on Google search page</span>
      <div>
      </div>
                  </div>
                  <div class="step pass-bg">
                    <span>When user searches for "Uzbekistan"</span>
      <div>
      </div>
                  </div>
                  <div class="step fail-bg">
                    <span>Then user should see "Tashkent" in the results as capital</span>
      <div>
        <textarea disabled class="code-block">org.openqa.selenium.NoSuchElementException: no such element: Unable to locate element: {"method":"xpath","selector":"//div[@class='wvKXQ']"}
  (Session info: chrome=140.0.7339.207)
For documentation on this error, please visit: https://www.selenium.dev/documentation/webdriver/troubleshooting/errors#no-such-element-exception
Build info: version: '4.35.0', revision: '1c58e5028b'
System info: os.name: 'Windows 11', os.arch: 'amd64', os.version: '10.0', java.version: '19.0.2'
Driver info: org.openqa.selenium.chrome.ChromeDriver
Command: [379378ee8766b83e9cd6c6e79414ec0c, findElement {using=xpath, value=//div[@class='wvKXQ']}]
Capabilities {acceptInsecureCerts: false, browserName: chrome, browserVersion: 140.0.7339.207, chrome: {chromedriverVersion: 140.0.7339.207 (17230b545fd..., userDataDir: C:\WINDOWS\SystemTemp\scope...}, fedcm:accounts: true, goog:chromeOptions: {debuggerAddress: localhost:53412}, networkConnectionEnabled: false, pageLoadStrategy: normal, platformName: windows, proxy: Proxy(), se:cdp: ws://localhost:53412/devtoo..., se:cdpVersion: 140.0.7339.207, setWindowRect: true, strictFileInteractability: false, timeouts: {implicit: 0, pageLoad: 300000, script: 30000}, unhandledPromptBehavior: dismiss and notify, webauthn:extension:credBlob: true, webauthn:extension:largeBlob: true, webauthn:extension:minPinLength: true, webauthn:extension:prf: true, webauthn:virtualAuthenticators: true}
Session ID: 379378ee8766b83e9cd6c6e79414ec0c
	at java.base/jdk.internal.reflect.DirectConstructorHandleAccessor.newInstance(DirectConstructorHandleAccessor.java:67)
	at java.base/java.lang.reflect.Constructor.newInstanceWithCaller(Constructor.java:500)
	at java.base/java.lang.reflect.Constructor.newInstance(Constructor.java:484)
	at org.openqa.selenium.remote.ErrorCodec.decode(ErrorCodec.java:167)
	at org.openqa.selenium.remote.codec.w3c.W3CHttpResponseCodec.decode(W3CHttpResponseCodec.java:138)
	at org.openqa.selenium.remote.codec.w3c.W3CHttpResponseCodec.decode(W3CHttpResponseCodec.java:50)
	at org.openqa.selenium.remote.HttpCommandExecutor.execute(HttpCommandExecutor.java:215)
	at org.openqa.selenium.remote.service.DriverCommandExecutor.invokeExecute(DriverCommandExecutor.java:216)
	at org.openqa.selenium.remote.service.DriverCommandExecutor.execute(DriverCommandExecutor.java:174)
	at org.openqa.selenium.remote.RemoteWebDriver.execute(RemoteWebDriver.java:557)
	at org.openqa.selenium.remote.ElementLocation$ElementFinder$2.findElement(ElementLocation.java:165)
	at org.openqa.selenium.remote.ElementLocation.findElement(ElementLocation.java:59)
	at org.openqa.selenium.remote.RemoteWebDriver.findElement(RemoteWebDriver.java:380)
	at org.openqa.selenium.remote.RemoteWebDriver.findElement(RemoteWebDriver.java:374)
	at org.openqa.selenium.support.pagefactory.DefaultElementLocator.findElement(DefaultElementLocator.java:68)
	at org.openqa.selenium.support.pagefactory.internal.LocatingElementHandler.invoke(LocatingElementHandler.java:38)
	at jdk.proxy2/jdk.proxy2.$Proxy22.getText(Unknown Source)
	at io.loop.step_definitions.GoogleSearchStepDefs.user_should_be_able_to_see_in_the_results_as_capital(GoogleSearchStepDefs.java:58)
	at ✽.user should see "Tashkent" in the results as capital(file:///C:/Users/DELL/IdeaProjects/cucumber-project-b5/src/test/resources/features/google_search_outline.feature:7)
</textarea>
      
      </div>
                  </div>
                  <div class="step skip-bg">
                    <span>And we love Loop Academy</span>
      <div>Step skipped
      </div>
                  </div>
                  <div class="step pass-bg">
                    <span>io.loop.step_definitions.Hook.tearDown(io.cucumber.java.Scenario)</span>
      <div>practice outline
          <div class="row mb-3"><div class="col-md-3">
<img data-featherlight='../Screenshots/embedded13.png' src="../Screenshots/embedded13.png">
    
    </div></div>
</div>
      <div>
      </div>
                  </div>
              </div>
            </div>
            <div class="card-body l1">
              <div class="card-header">
                <div class="card-title outline-child">
                  <div class="node" id="122"><span class="badge log fail-bg mr-2">Fail</span>practice outline</div>
                    <div class="status-avatar float-right">
                      <i class="fa fa-paperclip"></i>
                    </div>
                </div>
              </div>
              <div class="card-body mt-3 ">
                  <div class="step pass-bg">
                    <span>Given user is on Google search page</span>
      <div>
      </div>
                  </div>
                  <div class="step pass-bg">
                    <span>When user searches for "Georgia"</span>
      <div>
      </div>
                  </div>
                  <div class="step fail-bg">
                    <span>Then user should see "Atlanta" in the results as capital</span>
      <div>
        <textarea disabled class="code-block">org.openqa.selenium.NoSuchElementException: no such element: Unable to locate element: {"method":"xpath","selector":"//div[@class='wvKXQ']"}
  (Session info: chrome=140.0.7339.207)
For documentation on this error, please visit: https://www.selenium.dev/documentation/webdriver/troubleshooting/errors#no-such-element-exception
Build info: version: '4.35.0', revision: '1c58e5028b'
System info: os.name: 'Windows 11', os.arch: 'amd64', os.version: '10.0', java.version: '19.0.2'
Driver info: org.openqa.selenium.chrome.ChromeDriver
Command: [379378ee8766b83e9cd6c6e79414ec0c, findElement {using=xpath, value=//div[@class='wvKXQ']}]
Capabilities {acceptInsecureCerts: false, browserName: chrome, browserVersion: 140.0.7339.207, chrome: {chromedriverVersion: 140.0.7339.207 (17230b545fd..., userDataDir: C:\WINDOWS\SystemTemp\scope...}, fedcm:accounts: true, goog:chromeOptions: {debuggerAddress: localhost:53412}, networkConnectionEnabled: false, pageLoadStrategy: normal, platformName: windows, proxy: Proxy(), se:cdp: ws://localhost:53412/devtoo..., se:cdpVersion: 140.0.7339.207, setWindowRect: true, strictFileInteractability: false, timeouts: {implicit: 0, pageLoad: 300000, script: 30000}, unhandledPromptBehavior: dismiss and notify, webauthn:extension:credBlob: true, webauthn:extension:largeBlob: true, webauthn:extension:minPinLength: true, webauthn:extension:prf: true, webauthn:virtualAuthenticators: true}
Session ID: 379378ee8766b83e9cd6c6e79414ec0c
	at java.base/jdk.internal.reflect.DirectConstructorHandleAccessor.newInstance(DirectConstructorHandleAccessor.java:67)
	at java.base/java.lang.reflect.Constructor.newInstanceWithCaller(Constructor.java:500)
	at java.base/java.lang.reflect.Constructor.newInstance(Constructor.java:484)
	at org.openqa.selenium.remote.ErrorCodec.decode(ErrorCodec.java:167)
	at org.openqa.selenium.remote.codec.w3c.W3CHttpResponseCodec.decode(W3CHttpResponseCodec.java:138)
	at org.openqa.selenium.remote.codec.w3c.W3CHttpResponseCodec.decode(W3CHttpResponseCodec.java:50)
	at org.openqa.selenium.remote.HttpCommandExecutor.execute(HttpCommandExecutor.java:215)
	at org.openqa.selenium.remote.service.DriverCommandExecutor.invokeExecute(DriverCommandExecutor.java:216)
	at org.openqa.selenium.remote.service.DriverCommandExecutor.execute(DriverCommandExecutor.java:174)
	at org.openqa.selenium.remote.RemoteWebDriver.execute(RemoteWebDriver.java:557)
	at org.openqa.selenium.remote.ElementLocation$ElementFinder$2.findElement(ElementLocation.java:165)
	at org.openqa.selenium.remote.ElementLocation.findElement(ElementLocation.java:59)
	at org.openqa.selenium.remote.RemoteWebDriver.findElement(RemoteWebDriver.java:380)
	at org.openqa.selenium.remote.RemoteWebDriver.findElement(RemoteWebDriver.java:374)
	at org.openqa.selenium.support.pagefactory.DefaultElementLocator.findElement(DefaultElementLocator.java:68)
	at org.openqa.selenium.support.pagefactory.internal.LocatingElementHandler.invoke(LocatingElementHandler.java:38)
	at jdk.proxy2/jdk.proxy2.$Proxy22.getText(Unknown Source)
	at io.loop.step_definitions.GoogleSearchStepDefs.user_should_be_able_to_see_in_the_results_as_capital(GoogleSearchStepDefs.java:58)
	at ✽.user should see "Atlanta" in the results as capital(file:///C:/Users/DELL/IdeaProjects/cucumber-project-b5/src/test/resources/features/google_search_outline.feature:7)
</textarea>
      
      </div>
                  </div>
                  <div class="step skip-bg">
                    <span>And we love Loop Academy</span>
      <div>Step skipped
      </div>
                  </div>
                  <div class="step pass-bg">
                    <span>io.loop.step_definitions.Hook.tearDown(io.cucumber.java.Scenario)</span>
      <div>practice outline
          <div class="row mb-3"><div class="col-md-3">
<img data-featherlight='../Screenshots/embedded14.png' src="../Screenshots/embedded14.png">
    
    </div></div>
</div>
      <div>
      </div>
                  </div>
              </div>
            </div>
        </div>
  </div>
</div>
          </div>
        </li>
        <li class="test-item"  status="pass" test-id="43"
          author=""
          tag=""
          device="">
          <div class="test-detail">
            <p class="name">Product data table practice</p>
            <p class="text-sm">
              <span>9:41:32 AM</span> / <span>00:01:01:063</span>
              <span class="badge pass-bg log float-right">Pass</span>
            </p>
          </div>
          <div class="test-contents d-none">
<div class="detail-head">
<div class="p-v-10">
<div class="info">
<h5 class="test-status text-pass">Product data table practice</h5>
<span class='badge badge-success'>09.28.2025 9:41:32 AM</span>
<span class='badge badge-danger'>09.28.2025 9:42:33 AM</span>
<span class='badge badge-default'>00:01:01:063</span>
&middot; <span class='uri-anchor badge badge-default'>#test-id=43</span>
<span title='Skip to the next failed step' class='badge badge-danger pointer float-right ne ml-1'><i class="fa fa-fast-forward"></i></span>
<span title='Collapse all nodes' class='badge badge-default pointer float-right ct ml-1'><i class="fa fa-compress"></i></span>
<span title='Expand all nodes' class='badge badge-default pointer float-right et'><i class="fa fa-expand"></i></span>
</div>
<div class="m-t-10 m-l-5"></div>
</div>
</div>
<div class="accordion mt-4">
  <div class="card">
    <div class="card-header" role="tab">
      <div class="card-title">
        <div class="node" id="44"><span class="badge log pass-bg mr-2">Pass</span>verify each product price</div>
      </div>
    </div>
        <div class="collapse">
          <div class="card-body">
              <div class="step pass-bg" title="io.loop.step_definitions.ProductStepDefs.user_is_on_the_home_page()">
                <span>Given User is on the HomePage</span>
      <div>
      </div>
              </div>
              <div class="step pass-bg" title="io.loop.step_definitions.ProductStepDefs.user_should_be_able_to_see_expected_prices_in_the_following_products(java.util.List<java.util.Map<java.lang.String, java.lang.String>>)">
                <span>Then User should be able to see expected prices in the following products</span>
      <div><table class='markup-table table '><tr><td>Category</td><td>Product</td><td>expectedPrice</td></tr><tr><td>Phones</td><td>Samsung galaxy s6</td><td>360</td></tr><tr><td>Phones</td><td>Nokia lumia 1520</td><td>820</td></tr><tr><td>Phones</td><td>Nexus 6</td><td>650</td></tr><tr><td>Laptops</td><td>Sony vaio i5</td><td>790</td></tr><tr><td>Laptops</td><td>Sony vaio i7</td><td>790</td></tr><tr><td>Laptops</td><td>MacBook air</td><td>700</td></tr><tr><td>Monitors</td><td>Apple monitor 24</td><td>400</td></tr><tr><td>Monitors</td><td>ASUS Full HD</td><td>230</td></tr></table>
      </div>
      <div>
      </div>
              </div>
          </div>
        </div>
  </div>
  <div class="card">
    <div class="card-header" role="tab">
      <div class="card-title">
        <div class="node" id="88"><span class="badge log pass-bg mr-2">Pass</span>verify each product price ListOfList</div>
      </div>
    </div>
        <div class="collapse">
          <div class="card-body">
              <div class="step pass-bg" title="io.loop.step_definitions.ProductStepDefs.user_is_on_the_home_page()">
                <span>Given User is on the HomePage</span>
      <div>
      </div>
              </div>
              <div class="step pass-bg" title="io.loop.step_definitions.ProductStepDefs.user_should_be_able_to_see_expected_prices_in_the_following_products_with_list_of_lists(java.util.List<java.util.List<java.lang.String>>)">
                <span>Then User should be able to see expected prices in the following products with listOfLists</span>
      <div><table class='markup-table table '><tr><td>Phones</td><td>Samsung galaxy s6</td><td>360</td></tr><tr><td>Phones</td><td>Nokia lumia 1520</td><td>820</td></tr><tr><td>Phones</td><td>Nexus 6</td><td>650</td></tr><tr><td>Laptops</td><td>Sony vaio i5</td><td>790</td></tr><tr><td>Laptops</td><td>Sony vaio i7</td><td>790</td></tr><tr><td>Laptops</td><td>MacBook air</td><td>700</td></tr><tr><td>Monitors</td><td>Apple monitor 24</td><td>400</td></tr><tr><td>Monitors</td><td>ASUS Full HD</td><td>230</td></tr></table>
      </div>
      <div>
      </div>
              </div>
          </div>
        </div>
  </div>
  <div class="card">
    <div class="card-header" role="tab">
      <div class="card-title">
        <div class="node" id="109"><span class="badge log pass-bg mr-2">Pass</span>verify student names</div>
      </div>
    </div>
        <div class="collapse">
          <div class="card-body">
              <div class="step pass-bg" title="io.loop.step_definitions.ProductStepDefs.user_should_be_able_to_see_the_names(java.util.Map<java.lang.String, java.util.List<java.lang.String>>)">
                <span>Then user should be able to see the names</span>
      <div><table class='markup-table table '><tr><td>Group 2</td><td>nadir</td><td>feyruz</td><td>Jane</td></tr><tr><td>Group 3</td><td>vika</td><td>suidum</td><td>savlat</td></tr></table>
      </div>
      <div>
      </div>
              </div>
          </div>
        </div>
  </div>
</div>
          </div>
        </li>
      </ul>
    </div>
  </div>
<div class="test-content scrollable">
<div class="test-content-tools">
<ul><li><a class="back-to-test" href="#"><i class="fa fa-arrow-left"></i></a></li></ul>
</div>
<div class="test-content-detail"><div class="detail-body"></div></div>
</div></div>
<div class="test-wrapper row view exception-view attributes-view">
<div class="test-list">
<div class="test-list-tools">
<ul class="tools pull-left"><li><a href=""><span class="font-size-14">Exception</span></a></li></ul>
<ul class="tools text-right"><li><a href="#"><span class="badge badge-primary">3</span></a></li></ul>
</div>
<div class="test-list-wrapper scrollable">
<ul class="test-list-item">
<li class="test-item">
<div class="test-detail">
<span class="meta">
<span class='badge log badge-danger'>10</span>
</span>
<p class="name">org.openqa.selenium.NoSuchElementException</p>
<p class="duration text-sm">10 tests</p>
</div>
<div class="test-contents d-none">
<div class="info">
<h4>org.openqa.selenium.NoSuchElementException</h4>
<span status="fail" class='badge log badge-danger'>10 failed</span>
</div>
<table class='table table-sm mt-4'>
<thead>
<tr>
<th class="status-col">Status</th>
<th class="timestamp-col">Timestamp</th>
<th>TestName</th>
</tr>
</thead>
<tbody>
<tr class="tag-test-status" status="fail">
<td><span class="badge log fail-bg">Fail</span></td>
<td>09:41:27 AM</td>
<td>
<a href="#" class="linked" test-id='3' id='33'>When user enters username for employee</a>
<div class="">
<span class="badge badge-default">Docuport Login Logout Feature.Login as a employee.When user enters username for employee</span>
</div>
</td>
</tr>
<tr class="tag-test-status" status="fail">
<td><span class="badge log fail-bg">Fail</span></td>
<td>09:41:35 AM</td>
<td>
<a href="#" class="linked" test-id='35' id='47'>Then user should see "Baku" in the results as capital</a>
<div class="">
<span class="badge badge-default">Scenario Outline Practice.practice outline.Then user should see "Baku" in the results as capital</span>
</div>
</td>
</tr>
<tr class="tag-test-status" status="fail">
<td><span class="badge log fail-bg">Fail</span></td>
<td>09:41:39 AM</td>
<td>
<a href="#" class="linked" test-id='3' id='56'>When user enters username for advisor</a>
<div class="">
<span class="badge badge-default">Docuport Login Logout Feature.Login as a advisor.When user enters username for advisor</span>
</div>
</td>
</tr>
<tr class="tag-test-status" status="fail">
<td><span class="badge log fail-bg">Fail</span></td>
<td>09:41:48 AM</td>
<td>
<a href="#" class="linked" test-id='35' id='63'>Then user should see "Kyiv" in the results as capital</a>
<div class="">
<span class="badge badge-default">Scenario Outline Practice.practice outline.Then user should see "Kyiv" in the results as capital</span>
</div>
</td>
</tr>
<tr class="tag-test-status" status="fail">
<td><span class="badge log fail-bg">Fail</span></td>
<td>09:41:50 AM</td>
<td>
<a href="#" class="linked" test-id='3' id='71'>When user enters username for supervisor</a>
<div class="">
<span class="badge badge-default">Docuport Login Logout Feature.Login as a supervisor.When user enters username for supervisor</span>
</div>
</td>
</tr>
<tr class="tag-test-status" status="fail">
<td><span class="badge log fail-bg">Fail</span></td>
<td>09:42:00 AM</td>
<td>
<a href="#" class="linked" test-id='35' id='78'>Then user should see "Kabul" in the results as capital</a>
<div class="">
<span class="badge badge-default">Scenario Outline Practice.practice outline.Then user should see "Kabul" in the results as capital</span>
</div>
</td>
</tr>
<tr class="tag-test-status" status="fail">
<td><span class="badge log fail-bg">Fail</span></td>
<td>09:42:12 AM</td>
<td>
<a href="#" class="linked" test-id='35' id='98'>Then user should see "Washington, D.C." in the results as capital</a>
<div class="">
<span class="badge badge-default">Scenario Outline Practice.practice outline.Then user should see "Washington, D.C." in the results as capital</span>
</div>
</td>
</tr>
<tr class="tag-test-status" status="fail">
<td><span class="badge log fail-bg">Fail</span></td>
<td>09:42:23 AM</td>
<td>
<a href="#" class="linked" test-id='35' id='107'>Then user should see "Ankara" in the results as capital</a>
<div class="">
<span class="badge badge-default">Scenario Outline Practice.practice outline.Then user should see "Ankara" in the results as capital</span>
</div>
</td>
</tr>
<tr class="tag-test-status" status="fail">
<td><span class="badge log fail-bg">Fail</span></td>
<td>09:42:34 AM</td>
<td>
<a href="#" class="linked" test-id='35' id='119'>Then user should see "Tashkent" in the results as capital</a>
<div class="">
<span class="badge badge-default">Scenario Outline Practice.practice outline.Then user should see "Tashkent" in the results as capital</span>
</div>
</td>
</tr>
<tr class="tag-test-status" status="fail">
<td><span class="badge log fail-bg">Fail</span></td>
<td>09:42:49 AM</td>
<td>
<a href="#" class="linked" test-id='35' id='126'>Then user should see "Atlanta" in the results as capital</a>
<div class="">
<span class="badge badge-default">Scenario Outline Practice.practice outline.Then user should see "Atlanta" in the results as capital</span>
</div>
</td>
</tr>
</tbody>
</table>
</div>
</li>
<li class="test-item">
<div class="test-detail">
<span class="meta">
<span class='badge log badge-danger'>3</span>
</span>
<p class="name">org.openqa.selenium.TimeoutException</p>
<p class="duration text-sm">3 tests</p>
</div>
<div class="test-contents d-none">
<div class="info">
<h4>org.openqa.selenium.TimeoutException</h4>
<span status="fail" class='badge log badge-danger'>3 failed</span>
</div>
<table class='table table-sm mt-4'>
<thead>
<tr>
<th class="status-col">Status</th>
<th class="timestamp-col">Timestamp</th>
<th>TestName</th>
</tr>
</thead>
<tbody>
<tr class="tag-test-status" status="fail">
<td><span class="badge log fail-bg">Fail</span></td>
<td>09:41:17 AM</td>
<td>
<a href="#" class="linked" test-id='5' id='25'>Then user should be able to see "Loop Academy - Google Search" in the google title</a>
<div class="">
<span class="badge badge-default">Google Search Functionality Title Validation.Search functionality result title validation.Then user should be able to see "Loop Academy - Google Search" in the google title</span>
</div>
</td>
</tr>
<tr class="tag-test-status" status="fail">
<td><span class="badge log fail-bg">Fail</span></td>
<td>09:41:17 AM</td>
<td>
<a href="#" class="linked" test-id='21' id='26'>Then user searches the following items</a>
<div class="">
<span class="badge badge-default">passing multiple parameters to the same step.Searching multiple items.Then user searches the following items</span>
</div>
</td>
</tr>
<tr class="tag-test-status" status="fail">
<td><span class="badge log fail-bg">Fail</span></td>
<td>09:42:01 AM</td>
<td>
<a href="#" class="linked" test-id='3' id='86'>When user enters credentials</a>
<div class="">
<span class="badge badge-default">Docuport Login Logout Feature.Login as a client map practice.When user enters credentials</span>
</div>
</td>
</tr>
</tbody>
</table>
</div>
</li>
<li class="test-item">
<div class="test-detail">
<span class="meta">
<span class='badge log badge-danger'>1</span>
</span>
<p class="name">java.lang.AssertionError</p>
<p class="duration text-sm">1 tests</p>
</div>
<div class="test-contents d-none">
<div class="info">
<h4>java.lang.AssertionError</h4>
<span status="fail" class='badge log badge-danger'>1 failed</span>
</div>
<table class='table table-sm mt-4'>
<thead>
<tr>
<th class="status-col">Status</th>
<th class="timestamp-col">Timestamp</th>
<th>TestName</th>
</tr>
</thead>
<tbody>
<tr class="tag-test-status" status="fail">
<td><span class="badge log fail-bg">Fail</span></td>
<td>09:41:19 AM</td>
<td>
<a href="#" class="linked" test-id='3' id='28'>Then user should be able to see the home page for client</a>
<div class="">
<span class="badge badge-default">Docuport Login Logout Feature.Login as a client.Then user should be able to see the home page for client</span>
</div>
</td>
</tr>
</tbody>
</table>
</div>
</li>
</ul>
</div>
</div>
<div class="test-content scrollable">
<div class="test-content-detail">
<div class="detail-body"></div>
</div>
</div>
</div><div class="test-wrapper row view category-view attributes-view">
<div class="test-list">
<div class="test-list-tools">
<ul class="tools pull-left"><li><a href=""><span class="font-size-14">Category</span></a></li></ul>
<ul class="tools text-right"><li><a href="#"><span class="badge badge-primary">9</span></a></li></ul>
</div>
<div class="test-list-wrapper scrollable">
<ul class="test-list-item">
<li class="test-item">
<div class="test-detail">
<span class="meta">
<span class='badge log badge-danger'>1</span>
</span>
<p class="name">@google_search_data_table</p>
<p class="duration text-sm">1 tests</p>
</div>
<div class="test-contents d-none">
<div class="info">
<h4>@google_search_data_table</h4>
<span status="fail" class='badge log badge-danger'>1 failed</span>
</div>
<table class='table table-sm mt-4'>
<thead>
<tr>
<th class="status-col">Status</th>
<th class="timestamp-col">Timestamp</th>
<th>TestName</th>
</tr>
</thead>
<tbody>
<tr class="tag-test-status" status="fail">
<td><span class="badge log fail-bg">Fail</span></td>
<td>09:41:17 AM</td>
<td>
<a href="#" class="linked" test-id='21' id='22'>Searching multiple items</a>
<div class="">
<span class="badge badge-default">passing multiple parameters to the same step.Searching multiple items</span>
</div>
</td>
</tr>
</tbody>
</table>
</div>
</li>
<li class="test-item">
<div class="test-detail">
<span class="meta">
<span class='badge log pass-bg'>4</span>
<span class='badge log badge-danger'>14</span>
</span>
<p class="name">@smoke</p>
<p class="duration text-sm">18 tests</p>
</div>
<div class="test-contents d-none">
<div class="info">
<h4>@smoke</h4>
<span status="pass" class='badge log pass-bg'>4 passed</span>
<span status="fail" class='badge log badge-danger'>14 failed</span>
</div>
<table class='table table-sm mt-4'>
<thead>
<tr>
<th class="status-col">Status</th>
<th class="timestamp-col">Timestamp</th>
<th>TestName</th>
</tr>
</thead>
<tbody>
<tr class="tag-test-status" status="pass">
<td><span class="badge log pass-bg">Pass</span></td>
<td>09:40:52 AM</td>
<td>
<a href="#" class="linked" test-id='1' id='2'>User logs ing and prints links</a>
<div class="">
<span class="badge badge-default">WebOrders login and link validation.User logs ing and prints links</span>
</div>
</td>
</tr>
<tr class="tag-test-status" status="fail">
<td><span class="badge log fail-bg">Fail</span></td>
<td>09:40:52 AM</td>
<td>
<a href="#" class="linked" test-id='3' id='4'>Login as a client</a>
<div class="">
<span class="badge badge-default">Docuport Login Logout Feature.Login as a client</span>
</div>
</td>
</tr>
<tr class="tag-test-status" status="fail">
<td><span class="badge log fail-bg">Fail</span></td>
<td>09:40:52 AM</td>
<td>
<a href="#" class="linked" test-id='5' id='6'>Search functionality result title validation</a>
<div class="">
<span class="badge badge-default">Google Search Functionality Title Validation.Search functionality result title validation</span>
</div>
</td>
</tr>
<tr class="tag-test-status" status="fail">
<td><span class="badge log fail-bg">Fail</span></td>
<td>09:41:17 AM</td>
<td>
<a href="#" class="linked" test-id='21' id='22'>Searching multiple items</a>
<div class="">
<span class="badge badge-default">passing multiple parameters to the same step.Searching multiple items</span>
</div>
</td>
</tr>
<tr class="tag-test-status" status="fail">
<td><span class="badge log fail-bg">Fail</span></td>
<td>09:41:26 AM</td>
<td>
<a href="#" class="linked" test-id='3' id='30'>Login as a employee</a>
<div class="">
<span class="badge badge-default">Docuport Login Logout Feature.Login as a employee</span>
</div>
</td>
</tr>
<tr class="tag-test-status" status="fail">
<td><span class="badge log fail-bg">Fail</span></td>
<td>09:41:27 AM</td>
<td>
<a href="#" class="linked" test-id='35' id='37'>practice outline</a>
<div class="">
<span class="badge badge-default">Scenario Outline Practice.practice outline</span>
</div>
</td>
</tr>
<tr class="tag-test-status" status="pass">
<td><span class="badge log pass-bg">Pass</span></td>
<td>09:41:32 AM</td>
<td>
<a href="#" class="linked" test-id='43' id='44'>verify each product price</a>
<div class="">
<span class="badge badge-default">Product data table practice.verify each product price</span>
</div>
</td>
</tr>
<tr class="tag-test-status" status="fail">
<td><span class="badge log fail-bg">Fail</span></td>
<td>09:41:37 AM</td>
<td>
<a href="#" class="linked" test-id='3' id='52'>Login as a advisor</a>
<div class="">
<span class="badge badge-default">Docuport Login Logout Feature.Login as a advisor</span>
</div>
</td>
</tr>
<tr class="tag-test-status" status="fail">
<td><span class="badge log fail-bg">Fail</span></td>
<td>09:41:45 AM</td>
<td>
<a href="#" class="linked" test-id='35' id='59'>practice outline</a>
<div class="">
<span class="badge badge-default">Scenario Outline Practice.practice outline</span>
</div>
</td>
</tr>
<tr class="tag-test-status" status="fail">
<td><span class="badge log fail-bg">Fail</span></td>
<td>09:41:50 AM</td>
<td>
<a href="#" class="linked" test-id='3' id='68'>Login as a supervisor</a>
<div class="">
<span class="badge badge-default">Docuport Login Logout Feature.Login as a supervisor</span>
</div>
</td>
</tr>
<tr class="tag-test-status" status="fail">
<td><span class="badge log fail-bg">Fail</span></td>
<td>09:41:58 AM</td>
<td>
<a href="#" class="linked" test-id='35' id='74'>practice outline</a>
<div class="">
<span class="badge badge-default">Scenario Outline Practice.practice outline</span>
</div>
</td>
</tr>
<tr class="tag-test-status" status="fail">
<td><span class="badge log fail-bg">Fail</span></td>
<td>09:42:01 AM</td>
<td>
<a href="#" class="linked" test-id='3' id='83'>Login as a client map practice</a>
<div class="">
<span class="badge badge-default">Docuport Login Logout Feature.Login as a client map practice</span>
</div>
</td>
</tr>
<tr class="tag-test-status" status="pass">
<td><span class="badge log pass-bg">Pass</span></td>
<td>09:42:06 AM</td>
<td>
<a href="#" class="linked" test-id='43' id='88'>verify each product price ListOfList</a>
<div class="">
<span class="badge badge-default">Product data table practice.verify each product price ListOfList</span>
</div>
</td>
</tr>
<tr class="tag-test-status" status="fail">
<td><span class="badge log fail-bg">Fail</span></td>
<td>09:42:10 AM</td>
<td>
<a href="#" class="linked" test-id='35' id='94'>practice outline</a>
<div class="">
<span class="badge badge-default">Scenario Outline Practice.practice outline</span>
</div>
</td>
</tr>
<tr class="tag-test-status" status="fail">
<td><span class="badge log fail-bg">Fail</span></td>
<td>09:42:22 AM</td>
<td>
<a href="#" class="linked" test-id='35' id='103'>practice outline</a>
<div class="">
<span class="badge badge-default">Scenario Outline Practice.practice outline</span>
</div>
</td>
</tr>
<tr class="tag-test-status" status="pass">
<td><span class="badge log pass-bg">Pass</span></td>
<td>09:42:33 AM</td>
<td>
<a href="#" class="linked" test-id='43' id='109'>verify student names</a>
<div class="">
<span class="badge badge-default">Product data table practice.verify student names</span>
</div>
</td>
</tr>
<tr class="tag-test-status" status="fail">
<td><span class="badge log fail-bg">Fail</span></td>
<td>09:42:33 AM</td>
<td>
<a href="#" class="linked" test-id='35' id='115'>practice outline</a>
<div class="">
<span class="badge badge-default">Scenario Outline Practice.practice outline</span>
</div>
</td>
</tr>
<tr class="tag-test-status" status="fail">
<td><span class="badge log fail-bg">Fail</span></td>
<td>09:42:45 AM</td>
<td>
<a href="#" class="linked" test-id='35' id='122'>practice outline</a>
<div class="">
<span class="badge badge-default">Scenario Outline Practice.practice outline</span>
</div>
</td>
</tr>
</tbody>
</table>
</div>
</li>
<li class="test-item">
<div class="test-detail">
<span class="meta">
<span class='badge log badge-danger'>1</span>
</span>
<p class="name">@google_search</p>
<p class="duration text-sm">1 tests</p>
</div>
<div class="test-contents d-none">
<div class="info">
<h4>@google_search</h4>
<span status="fail" class='badge log badge-danger'>1 failed</span>
</div>
<table class='table table-sm mt-4'>
<thead>
<tr>
<th class="status-col">Status</th>
<th class="timestamp-col">Timestamp</th>
<th>TestName</th>
</tr>
</thead>
<tbody>
<tr class="tag-test-status" status="fail">
<td><span class="badge log fail-bg">Fail</span></td>
<td>09:40:52 AM</td>
<td>
<a href="#" class="linked" test-id='5' id='6'>Search functionality result title validation</a>
<div class="">
<span class="badge badge-default">Google Search Functionality Title Validation.Search functionality result title validation</span>
</div>
</td>
</tr>
</tbody>
</table>
</div>
</li>
<li class="test-item">
<div class="test-detail">
<span class="meta">
<span class='badge log pass-bg'>1</span>
</span>
<p class="name">@ListOfLists</p>
<p class="duration text-sm">1 tests</p>
</div>
<div class="test-contents d-none">
<div class="info">
<h4>@ListOfLists</h4>
<span status="pass" class='badge log pass-bg'>1 passed</span>
</div>
<table class='table table-sm mt-4'>
<thead>
<tr>
<th class="status-col">Status</th>
<th class="timestamp-col">Timestamp</th>
<th>TestName</th>
</tr>
</thead>
<tbody>
<tr class="tag-test-status" status="pass">
<td><span class="badge log pass-bg">Pass</span></td>
<td>09:42:06 AM</td>
<td>
<a href="#" class="linked" test-id='43' id='88'>verify each product price ListOfList</a>
<div class="">
<span class="badge badge-default">Product data table practice.verify each product price ListOfList</span>
</div>
</td>
</tr>
</tbody>
</table>
</div>
</li>
<li class="test-item">
<div class="test-detail">
<span class="meta">
<span class='badge log pass-bg'>1</span>
</span>
<p class="name">@mapList</p>
<p class="duration text-sm">1 tests</p>
</div>
<div class="test-contents d-none">
<div class="info">
<h4>@mapList</h4>
<span status="pass" class='badge log pass-bg'>1 passed</span>
</div>
<table class='table table-sm mt-4'>
<thead>
<tr>
<th class="status-col">Status</th>
<th class="timestamp-col">Timestamp</th>
<th>TestName</th>
</tr>
</thead>
<tbody>
<tr class="tag-test-status" status="pass">
<td><span class="badge log pass-bg">Pass</span></td>
<td>09:42:33 AM</td>
<td>
<a href="#" class="linked" test-id='43' id='109'>verify student names</a>
<div class="">
<span class="badge badge-default">Product data table practice.verify student names</span>
</div>
</td>
</tr>
</tbody>
</table>
</div>
</li>
<li class="test-item">
<div class="test-detail">
<span class="meta">
<span class='badge log badge-danger'>7</span>
</span>
<p class="name">@google_search_outline</p>
<p class="duration text-sm">7 tests</p>
</div>
<div class="test-contents d-none">
<div class="info">
<h4>@google_search_outline</h4>
<span status="fail" class='badge log badge-danger'>7 failed</span>
</div>
<table class='table table-sm mt-4'>
<thead>
<tr>
<th class="status-col">Status</th>
<th class="timestamp-col">Timestamp</th>
<th>TestName</th>
</tr>
</thead>
<tbody>
<tr class="tag-test-status" status="fail">
<td><span class="badge log fail-bg">Fail</span></td>
<td>09:41:27 AM</td>
<td>
<a href="#" class="linked" test-id='35' id='37'>practice outline</a>
<div class="">
<span class="badge badge-default">Scenario Outline Practice.practice outline</span>
</div>
</td>
</tr>
<tr class="tag-test-status" status="fail">
<td><span class="badge log fail-bg">Fail</span></td>
<td>09:41:45 AM</td>
<td>
<a href="#" class="linked" test-id='35' id='59'>practice outline</a>
<div class="">
<span class="badge badge-default">Scenario Outline Practice.practice outline</span>
</div>
</td>
</tr>
<tr class="tag-test-status" status="fail">
<td><span class="badge log fail-bg">Fail</span></td>
<td>09:41:58 AM</td>
<td>
<a href="#" class="linked" test-id='35' id='74'>practice outline</a>
<div class="">
<span class="badge badge-default">Scenario Outline Practice.practice outline</span>
</div>
</td>
</tr>
<tr class="tag-test-status" status="fail">
<td><span class="badge log fail-bg">Fail</span></td>
<td>09:42:10 AM</td>
<td>
<a href="#" class="linked" test-id='35' id='94'>practice outline</a>
<div class="">
<span class="badge badge-default">Scenario Outline Practice.practice outline</span>
</div>
</td>
</tr>
<tr class="tag-test-status" status="fail">
<td><span class="badge log fail-bg">Fail</span></td>
<td>09:42:22 AM</td>
<td>
<a href="#" class="linked" test-id='35' id='103'>practice outline</a>
<div class="">
<span class="badge badge-default">Scenario Outline Practice.practice outline</span>
</div>
</td>
</tr>
<tr class="tag-test-status" status="fail">
<td><span class="badge log fail-bg">Fail</span></td>
<td>09:42:33 AM</td>
<td>
<a href="#" class="linked" test-id='35' id='115'>practice outline</a>
<div class="">
<span class="badge badge-default">Scenario Outline Practice.practice outline</span>
</div>
</td>
</tr>
<tr class="tag-test-status" status="fail">
<td><span class="badge log fail-bg">Fail</span></td>
<td>09:42:45 AM</td>
<td>
<a href="#" class="linked" test-id='35' id='122'>practice outline</a>
<div class="">
<span class="badge badge-default">Scenario Outline Practice.practice outline</span>
</div>
</td>
</tr>
</tbody>
</table>
</div>
</li>
<li class="test-item">
<div class="test-detail">
<span class="meta">
<span class='badge log pass-bg'>1</span>
</span>
<p class="name">@listOfMap</p>
<p class="duration text-sm">1 tests</p>
</div>
<div class="test-contents d-none">
<div class="info">
<h4>@listOfMap</h4>
<span status="pass" class='badge log pass-bg'>1 passed</span>
</div>
<table class='table table-sm mt-4'>
<thead>
<tr>
<th class="status-col">Status</th>
<th class="timestamp-col">Timestamp</th>
<th>TestName</th>
</tr>
</thead>
<tbody>
<tr class="tag-test-status" status="pass">
<td><span class="badge log pass-bg">Pass</span></td>
<td>09:41:32 AM</td>
<td>
<a href="#" class="linked" test-id='43' id='44'>verify each product price</a>
<div class="">
<span class="badge badge-default">Product data table practice.verify each product price</span>
</div>
</td>
</tr>
</tbody>
</table>
</div>
</li>
<li class="test-item">
<div class="test-detail">
<span class="meta">
<span class='badge log pass-bg'>1</span>
</span>
<p class="name">@HomeWork</p>
<p class="duration text-sm">1 tests</p>
</div>
<div class="test-contents d-none">
<div class="info">
<h4>@HomeWork</h4>
<span status="pass" class='badge log pass-bg'>1 passed</span>
</div>
<table class='table table-sm mt-4'>
<thead>
<tr>
<th class="status-col">Status</th>
<th class="timestamp-col">Timestamp</th>
<th>TestName</th>
</tr>
</thead>
<tbody>
<tr class="tag-test-status" status="pass">
<td><span class="badge log pass-bg">Pass</span></td>
<td>09:40:52 AM</td>
<td>
<a href="#" class="linked" test-id='1' id='2'>User logs ing and prints links</a>
<div class="">
<span class="badge badge-default">WebOrders login and link validation.User logs ing and prints links</span>
</div>
</td>
</tr>
</tbody>
</table>
</div>
</li>
<li class="test-item">
<div class="test-detail">
<span class="meta">
<span class='badge log badge-danger'>1</span>
</span>
<p class="name">@dataTableLogin</p>
<p class="duration text-sm">1 tests</p>
</div>
<div class="test-contents d-none">
<div class="info">
<h4>@dataTableLogin</h4>
<span status="fail" class='badge log badge-danger'>1 failed</span>
</div>
<table class='table table-sm mt-4'>
<thead>
<tr>
<th class="status-col">Status</th>
<th class="timestamp-col">Timestamp</th>
<th>TestName</th>
</tr>
</thead>
<tbody>
<tr class="tag-test-status" status="fail">
<td><span class="badge log fail-bg">Fail</span></td>
<td>09:42:01 AM</td>
<td>
<a href="#" class="linked" test-id='3' id='83'>Login as a client map practice</a>
<div class="">
<span class="badge badge-default">Docuport Login Logout Feature.Login as a client map practice</span>
</div>
</td>
</tr>
</tbody>
</table>
</div>
</li>
</ul>
</div>
</div>
<div class="test-content scrollable">
<div class="test-content-detail">
<div class="detail-body"></div>
</div>
</div>
</div><div class="container-fluid p-4 view dashboard-view">
<div class="row">
<div class="col-md-3">
<div class="card"><div class="card-body">
<p class="m-b-0">Started</p>
<h3>Sep 28, 2025 09:40:49 AM</h3>
</div></div>
</div>
<div class="col-md-3">
<div class="card"><div class="card-body">
<p class="m-b-0">Ended</p>
<h3>Sep 28, 2025 09:42:59 AM</h3>
</div></div>
</div>
<div class="col-md-3">
<div class="card"><div class="card-body">
<p class="m-b-0 text-pass">Features Passed</p>
<h3>2</h3>
</div></div>
</div>
<div class="col-md-3">
<div class="card"><div class="card-body">
<p class="m-b-0 text-fail">Features Failed</p>
<h3>4</h3>
</div></div>
</div>
</div>
<div class="row">
<div class="col-md-4">
<div class="card">
<div class="card-header">
<h6 class="card-title">Features</h6>
</div>
<div class="card-body">
<div class="">
<canvas id='parent-analysis' width='115' height='90'></canvas>
</div>
</div>
<div class="card-footer">
<div><small data-tooltip='33%'>
<b>2</b> features passed
</small>
</div>
<div>
<small data-tooltip='66%'><b>4</b> features failed,
<b>0</b> skipped, <b data-tooltip='0%'>0</b> others
</small>
</div>
</div>
</div>
</div>
<div class="col-md-4">
<div class="card">
<div class="card-header">
<h6 class="card-title">Scenarios</h6>
</div>
<div class="card-body">
<div class="">
<canvas id='child-analysis' width='115' height='90'></canvas>
</div>
</div>
<div class="card-footer">
<div><small data-tooltip='22%'><b>4</b> scenarios passed</small></div>
<div>
<small data-tooltip='77%'><b>14</b> scenarios failed,
<b>0</b> skipped, <b data-tooltip='%'>0</b> others
</small>
</div>
</div>
</div>
</div>
<div class="col-md-4">
<div class="card">
<div class="card-header">
<h6 class="card-title">Steps</h6>
</div>
<div class="card-body">
<div class="">
<canvas id='grandchild-analysis' width='115' height='90'></canvas>
</div>
</div>
<div class="card-footer">
<div><small data-tooltip='60%'><b>49</b> steps passed</small></div>
<div>
<small data-tooltip='17%'><b>14</b> steps failed,
<b>18</b> skipped, <b data-tooltip='%'>0</b> others
</small>
</div>
</div>
</div>
</div>
</div>
<div class="row"><div class="col-md-12">
<div class="card"><div class="card-header"><p>Timeline</p></div>
<div class="card-body pt-0"><div>
<canvas id="timeline" height="120"></canvas>
</div></div>
</div>
</div></div>
<script>
var timeline = {
"WebOrders login and link validation":24.618,"Docuport Login Logout Feature":89.593,"Google Search Functionality Title Validation":35.353,"passing multiple parameters to the same step":14.257,"Scenario Outline Practice":91.908,"Product data table practice":61.063
};
</script>
<div class="row">
<div class="col-lg-6 col-md-12 category-container">
<div class="card">
<div class="card-header"><p>Tags</p></div>
<div class="card-body pb-0 pt-0"><table class="table table-sm table-bordered">
<thead><tr class="bg-gray"><th>Name</th><th>Passed</th><th>Failed</th><th>Skipped</th><th>Others</th><th>Passed %</th></tr></thead><tbody>
<tr>
<td>@google_search_data_table</td>
<td>0</td>
<td>1</td>
<td>0</td>
<td>0</td>
<td>0%</td>
</tr>
<tr>
<td>@smoke</td>
<td>4</td>
<td>14</td>
<td>0</td>
<td>0</td>
<td>22.222%</td>
</tr>
<tr>
<td>@google_search</td>
<td>0</td>
<td>1</td>
<td>0</td>
<td>0</td>
<td>0%</td>
</tr>
<tr>
<td>@ListOfLists</td>
<td>1</td>
<td>0</td>
<td>0</td>
<td>0</td>
<td>100%</td>
</tr>
<tr>
<td>@mapList</td>
<td>1</td>
<td>0</td>
<td>0</td>
<td>0</td>
<td>100%</td>
</tr>
<tr>
<td>@google_search_outline</td>
<td>0</td>
<td>7</td>
<td>0</td>
<td>0</td>
<td>0%</td>
</tr>
<tr>
<td>@listOfMap</td>
<td>1</td>
<td>0</td>
<td>0</td>
<td>0</td>
<td>100%</td>
</tr>
<tr>
<td>@HomeWork</td>
<td>1</td>
<td>0</td>
<td>0</td>
<td>0</td>
<td>100%</td>
</tr>
<tr>
<td>@dataTableLogin</td>
<td>0</td>
<td>1</td>
<td>0</td>
<td>0</td>
<td>0%</td>
</tr>
</tbody>
</table></div>
</div>
</div>
</div>
</div>
<script>
var statusGroup = {
parentCount: 5,
passParent: 2,
failParent: 4,
warningParent: 0,
skipParent: 0,
childCount: 5,
passChild: 4,
failChild: 14,
warningChild: 0,
skipChild: 0,
infoChild: 0,
grandChildCount: 5,
passGrandChild: 49,
failGrandChild: 14,
warningGrandChild: 0,
skipGrandChild: 18,
infoGrandChild: 0,
eventsCount: 5,
};
</script>        </div>
      </div>
    </div>
  </div>
<script src="https://cdn.jsdelivr.net/gh/extent-framework/extent-github-cdn@ce8b10435bcbae260c334c0d0c6b61d2c19b6168/spark/js/spark-script.js"></script>
<script type="text/javascript"></script></body>
</html>